<?xml version="1.0" encoding="utf-8"?><testsuites name="pytest tests"><testsuite name="pytest" errors="0" failures="0" skipped="0" tests="8" time="1.492" timestamp="2026-02-25T19:34:09.746248+00:00" hostname="agent-env-d1c4bcc3-e24f-4149-b203-04faaf15cf43"><testcase classname="backend.tests.test_conversation_thread.TestNotesAPI" name="test_notes_api_returns_original_type_ticket1" time="0.249" /><testcase classname="backend.tests.test_conversation_thread.TestNotesAPI" name="test_notes_api_returns_original_type_ticket2" time="0.208" /><testcase classname="backend.tests.test_conversation_thread.TestNotesAPI" name="test_no_duplicate_messages_ticket1" time="0.162" /><testcase classname="backend.tests.test_conversation_thread.TestNotesAPI" name="test_no_duplicate_messages_ticket2" time="0.157" /><testcase classname="backend.tests.test_conversation_thread.TestNotesAPI" name="test_original_message_matches_ticket_description" time="0.192" /><testcase classname="backend.tests.test_conversation_thread.TestTicketTags" name="test_ticket_has_tags" time="0.146" /><testcase classname="backend.tests.test_conversation_thread.TestTicketSource" name="test_ticket_has_source_field" time="0.171" /><testcase classname="backend.tests.test_conversation_thread.TestAuthenticatedUser" name="test_auth_me_returns_user" time="0.144" /></testsuite></testsuites>