<?xml version="1.0" encoding="utf-8"?><testsuites name="pytest tests"><testsuite name="pytest" errors="0" failures="0" skipped="0" tests="27" time="1.569" timestamp="2026-03-04T19:07:17.301601+00:00" hostname="agent-env-dbbc0d38-d6b7-414b-9866-b426ae1d49d6"><testcase classname="tests.test_email_thread_capture.TestEmailDateParsing" name="test_import_parsedate_to_datetime" time="0.148" /><testcase classname="tests.test_email_thread_capture.TestEmailDateParsing" name="test_parse_ist_date" time="0.003" /><testcase classname="tests.test_email_thread_capture.TestEmailDateParsing" name="test_parse_utc_date" time="0.000" /><testcase classname="tests.test_email_thread_capture.TestEmailDateParsing" name="test_parse_missing_date_fallback" time="0.000" /><testcase classname="tests.test_email_thread_capture.TestEmailDateParsing" name="test_parse_malformed_date_fallback" time="0.000" /><testcase classname="tests.test_email_thread_capture.TestEmailDateParsing" name="test_parse_various_rfc2822_formats" time="0.000" /><testcase classname="tests.test_email_thread_capture.TestFetchFullThread" name="test_returns_empty_list_when_mail_is_none" time="0.000" /><testcase classname="tests.test_email_thread_capture.TestFetchFullThread" name="test_returns_empty_list_with_empty_thread_id" time="0.000" /><testcase classname="tests.test_email_thread_capture.TestStoreThreadRecord" name="test_function_exists" time="0.000" /><testcase classname="tests.test_email_thread_capture.TestStoreThreadRecord" name="test_function_signature" time="0.000" /><testcase classname="tests.test_email_thread_capture.TestCreateTicketFromEmail" name="test_function_exists" time="0.000" /><testcase classname="tests.test_email_thread_capture.TestCreateTicketFromEmail" name="test_accepts_email_date_parameter" time="0.000" /><testcase classname="tests.test_email_thread_capture.TestCreateTicketFromEmail" name="test_accepts_mail_parameter" time="0.000" /><testcase classname="tests.test_email_thread_capture.TestCreateTicketFromEmail" name="test_accepts_gmail_thrid_parameter" time="0.000" /><testcase classname="tests.test_email_thread_capture.TestCreateTicketFromEmail" name="test_all_required_parameters_present" time="0.000" /><testcase classname="tests.test_email_thread_capture.TestProcessEmailIntegration" name="test_email_date_parameter_in_signature" time="0.000" /><testcase classname="tests.test_email_thread_capture.TestProcessEmailIntegration" name="test_import_chain" time="0.000" /><testcase classname="tests.test_email_thread_capture.TestProcessSentEmail" name="test_function_exists" time="0.000" /><testcase classname="tests.test_api_regression.TestTicketsEndpoint" name="test_tickets_endpoint_requires_auth" time="0.143" /><testcase classname="tests.test_api_regression.TestTicketsEndpoint" name="test_tickets_endpoint_returns_200_with_auth" time="0.162" /><testcase classname="tests.test_api_regression.TestTicketsEndpoint" name="test_tickets_endpoint_returns_list" time="0.207" /><testcase classname="tests.test_api_regression.TestTicketsEndpoint" name="test_tickets_have_required_fields" time="0.156" /><testcase classname="tests.test_api_regression.TestPortalCategoriesEndpoint" name="test_categories_endpoint_returns_200" time="0.161" /><testcase classname="tests.test_api_regression.TestPortalCategoriesEndpoint" name="test_categories_returns_list" time="0.144" /><testcase classname="tests.test_api_regression.TestPortalCategoriesEndpoint" name="test_categories_have_kb_group_key_field" time="0.118" /><testcase classname="tests.test_api_regression.TestPortalCategoriesEndpoint" name="test_categories_have_required_fields" time="0.132" /><testcase classname="tests.test_api_regression.TestPortalCategoriesEndpoint" name="test_some_categories_have_kb_group_key_value" time="0.128" /></testsuite></testsuites>