<?xml version="1.0" encoding="utf-8"?><testsuites name="pytest tests"><testsuite name="pytest" errors="0" failures="0" skipped="0" tests="14" time="2.559" timestamp="2026-02-26T10:04:08.995606+00:00" hostname="agent-env-bd5e4f31-8292-4399-8637-8ea40b4f922a"><testcase classname="tests.test_kb_editor_redesign.TestGlobalDocsSettings" name="test_get_docs_settings_requires_auth" time="0.128" /><testcase classname="tests.test_kb_editor_redesign.TestGlobalDocsSettings" name="test_get_docs_settings_with_auth" time="0.103" /><testcase classname="tests.test_kb_editor_redesign.TestGlobalDocsSettings" name="test_put_docs_settings_requires_auth" time="0.100" /><testcase classname="tests.test_kb_editor_redesign.TestGlobalDocsSettings" name="test_put_docs_settings_with_auth" time="0.115" /><testcase classname="tests.test_kb_editor_redesign.TestGlobalDocsSettings" name="test_docs_settings_persistence" time="0.232" /><testcase classname="tests.test_kb_editor_redesign.TestGlobalDocsSettings" name="test_docs_settings_all_fields" time="0.101" /><testcase classname="tests.test_kb_editor_redesign.TestArticleDescriptionField" name="test_create_article_with_description" time="0.213" /><testcase classname="tests.test_kb_editor_redesign.TestArticleDescriptionField" name="test_update_article_description" time="0.299" /><testcase classname="tests.test_kb_editor_redesign.TestArticlePublishedDefault" name="test_new_article_defaults_to_draft" time="0.199" /><testcase classname="tests.test_kb_editor_redesign.TestArticlePublishedDefault" name="test_article_can_be_published" time="0.260" /><testcase classname="tests.test_kb_editor_redesign.TestArticlePublishedDefault" name="test_toggle_published_status" time="0.438" /><testcase classname="tests.test_kb_editor_redesign.TestArticleValidation" name="test_article_requires_title" time="0.103" /><testcase classname="tests.test_kb_editor_redesign.TestArticleValidation" name="test_article_requires_slug" time="0.109" /><testcase classname="tests.test_kb_editor_redesign.TestArticleValidation" name="test_duplicate_slug_rejected" time="0.102" /></testsuite></testsuites>