<?xml version="1.0" encoding="utf-8"?><testsuites name="pytest tests"><testsuite name="pytest" errors="0" failures="0" skipped="0" tests="11" time="2.506" timestamp="2026-03-24T14:53:41.552765+00:00" hostname="agent-env-c63ca5c1-5937-4b4d-b67a-aa71d6f4c88e"><testcase classname="backend.tests.test_kb_editor_redesign.TestKBAdminArticles" name="test_get_admin_articles_list" time="0.263" /><testcase classname="backend.tests.test_kb_editor_redesign.TestKBAdminArticles" name="test_get_single_article" time="0.172" /><testcase classname="backend.tests.test_kb_editor_redesign.TestKBAdminArticles" name="test_create_article_with_new_fields" time="0.237" /><testcase classname="backend.tests.test_kb_editor_redesign.TestKBAdminArticles" name="test_update_article_with_new_fields" time="0.293" /><testcase classname="backend.tests.test_kb_editor_redesign.TestKBAdminArticles" name="test_delete_article" time="0.301" /><testcase classname="backend.tests.test_kb_editor_redesign.TestKBAdminArticles" name="test_update_published_status" time="0.255" /><testcase classname="backend.tests.test_kb_editor_redesign.TestKBNavigation" name="test_get_navigation" time="0.122" /><testcase classname="backend.tests.test_kb_editor_redesign.TestKBNavigation" name="test_update_navigation" time="0.214" /><testcase classname="backend.tests.test_kb_editor_redesign.TestKBPublicEndpoints" name="test_public_articles_list" time="0.157" /><testcase classname="backend.tests.test_kb_editor_redesign.TestKBPublicEndpoints" name="test_public_article_detail" time="0.170" /><testcase classname="backend.tests.test_kb_editor_redesign.TestKBPublicEndpoints" name="test_public_data_endpoint" time="0.246" /></testsuite></testsuites>