<?xml version="1.0" encoding="utf-8"?><testsuites name="pytest tests"><testsuite name="pytest" errors="0" failures="0" skipped="0" tests="29" time="8.541" timestamp="2026-02-26T14:02:35.289143+00:00" hostname="agent-env-bd5e4f31-8292-4399-8637-8ea40b4f922a"><testcase classname="backend.tests.test_kb_search_api.TestKBSearchEndpoint" name="test_search_endpoint_exists" time="0.196" /><testcase classname="backend.tests.test_kb_search_api.TestKBSearchEndpoint" name="test_search_returns_results_structure" time="0.230" /><testcase classname="backend.tests.test_kb_search_api.TestKBSearchEndpoint" name="test_search_finds_matching_articles" time="0.115" /><testcase classname="backend.tests.test_kb_search_api.TestKBSearchEndpoint" name="test_search_results_have_required_fields" time="0.118" /><testcase classname="backend.tests.test_kb_search_api.TestKBSearchEndpoint" name="test_search_results_have_category_info" time="0.121" /><testcase classname="backend.tests.test_kb_search_api.TestKBSearchEndpoint" name="test_search_snippet_contains_context" time="0.135" /><testcase classname="backend.tests.test_kb_search_api.TestKBSearchEndpoint" name="test_search_empty_query_returns_empty" time="0.116" /><testcase classname="backend.tests.test_kb_search_api.TestKBSearchEndpoint" name="test_search_short_query_returns_empty" time="0.127" /><testcase classname="backend.tests.test_kb_search_api.TestKBSearchEndpoint" name="test_search_no_match_returns_empty" time="0.121" /><testcase classname="backend.tests.test_kb_search_api.TestKBSearchEndpoint" name="test_search_case_insensitive" time="0.215" /><testcase classname="backend.tests.test_kb_search_api.TestKBSearchEndpoint" name="test_search_only_published_articles" time="3.080" /><testcase classname="backend.tests.test_kb_search_api.TestKBSearchEndpoint" name="test_search_limits_results" time="0.140" /><testcase classname="backend.tests.test_kb_search_api.TestKBSearchEndpoint" name="test_search_result_snippet_with_ellipsis" time="0.166" /><testcase classname="backend.tests.test_kb_search_api.TestKBSearchIntegration" name="test_search_result_matches_article_content" time="0.330" /><testcase classname="backend.tests.test_kb_search_api.TestKBSearchIntegration" name="test_search_breadcrumb_info_matches_nav" time="0.255" /><testcase classname="backend.tests.test_kb_editor_redesign.TestGlobalDocsSettings" name="test_get_docs_settings_requires_auth" time="0.137" /><testcase classname="backend.tests.test_kb_editor_redesign.TestGlobalDocsSettings" name="test_get_docs_settings_with_auth" time="0.116" /><testcase classname="backend.tests.test_kb_editor_redesign.TestGlobalDocsSettings" name="test_put_docs_settings_requires_auth" time="0.128" /><testcase classname="backend.tests.test_kb_editor_redesign.TestGlobalDocsSettings" name="test_put_docs_settings_with_auth" time="0.118" /><testcase classname="backend.tests.test_kb_editor_redesign.TestGlobalDocsSettings" name="test_docs_settings_persistence" time="0.247" /><testcase classname="backend.tests.test_kb_editor_redesign.TestGlobalDocsSettings" name="test_docs_settings_all_fields" time="0.120" /><testcase classname="backend.tests.test_kb_editor_redesign.TestArticleDescriptionField" name="test_create_article_with_description" time="0.241" /><testcase classname="backend.tests.test_kb_editor_redesign.TestArticleDescriptionField" name="test_update_article_description" time="0.371" /><testcase classname="backend.tests.test_kb_editor_redesign.TestArticlePublishedDefault" name="test_new_article_defaults_to_draft" time="0.313" /><testcase classname="backend.tests.test_kb_editor_redesign.TestArticlePublishedDefault" name="test_article_can_be_published" time="0.279" /><testcase classname="backend.tests.test_kb_editor_redesign.TestArticlePublishedDefault" name="test_toggle_published_status" time="0.508" /><testcase classname="backend.tests.test_kb_editor_redesign.TestArticleValidation" name="test_article_requires_title" time="0.165" /><testcase classname="backend.tests.test_kb_editor_redesign.TestArticleValidation" name="test_article_requires_slug" time="0.144" /><testcase classname="backend.tests.test_kb_editor_redesign.TestArticleValidation" name="test_duplicate_slug_rejected" time="0.118" /></testsuite></testsuites>