<?xml version="1.0" encoding="utf-8"?><testsuites name="pytest tests"><testsuite name="pytest" errors="0" failures="0" skipped="0" tests="10" time="3.088" timestamp="2026-02-25T20:31:02.966453+00:00" hostname="agent-env-c75d53b7-f60b-4f59-93e4-b1f2e45d6f39"><testcase classname="backend.tests.test_kb_social_links.TestSocialLinksPublicAPI" name="test_get_social_links_returns_200" time="0.316" /><testcase classname="backend.tests.test_kb_social_links.TestSocialLinksPublicAPI" name="test_get_social_links_returns_links_object" time="0.546" /><testcase classname="backend.tests.test_kb_social_links.TestSocialLinksPublicAPI" name="test_get_social_links_contains_platform_keys" time="0.141" /><testcase classname="backend.tests.test_kb_social_links.TestSocialLinksAdminAPI" name="test_put_social_links_without_auth_returns_401" time="0.175" /><testcase classname="backend.tests.test_kb_social_links.TestSocialLinksAdminAPI" name="test_put_social_links_with_auth_returns_200" time="0.121" /><testcase classname="backend.tests.test_kb_social_links.TestSocialLinksAdminAPI" name="test_put_social_links_persists_data" time="0.377" /><testcase classname="backend.tests.test_kb_social_links.TestSocialLinksAdminAPI" name="test_put_social_links_returns_saved_links" time="0.297" /><testcase classname="backend.tests.test_kb_social_links.TestSocialLinksAdminAPI" name="test_put_all_five_platforms" time="0.464" /><testcase classname="backend.tests.test_kb_social_links.TestSocialLinksEdgeCases" name="test_empty_links_clears_all" time="0.313" /><testcase classname="backend.tests.test_kb_social_links.TestSocialLinksEdgeCases" name="test_unknown_platform_ignored" time="0.281" /></testsuite></testsuites>