<?xml version="1.0" encoding="utf-8"?><testsuites name="pytest tests"><testsuite name="pytest" errors="0" failures="0" skipped="0" tests="37" time="1.698" timestamp="2026-02-12T10:20:51.125372+00:00" hostname="agent-env-11a2aa6e-8ab6-497e-aef5-4c0497592809"><testcase classname="tests.test_phase7_10_trinity.TestPhase7LeaveManagement" name="test_list_leaves" time="0.065" /><testcase classname="tests.test_phase7_10_trinity.TestPhase7LeaveManagement" name="test_create_leave_bug_fix_verification" time="0.013" /><testcase classname="tests.test_phase7_10_trinity.TestPhase7LeaveManagement" name="test_get_leave_by_id" time="0.010" /><testcase classname="tests.test_phase7_10_trinity.TestPhase7LeaveManagement" name="test_update_leave" time="0.069" /><testcase classname="tests.test_phase7_10_trinity.TestPhase7LeaveManagement" name="test_delete_leave" time="0.022" /><testcase classname="tests.test_phase7_10_trinity.TestPhase8AdminCustomFields" name="test_list_custom_fields" time="0.050" /><testcase classname="tests.test_phase7_10_trinity.TestPhase8AdminCustomFields" name="test_create_custom_field" time="0.013" /><testcase classname="tests.test_phase7_10_trinity.TestPhase8AdminCustomFields" name="test_delete_custom_field" time="0.011" /><testcase classname="tests.test_phase7_10_trinity.TestPhase8AdminRoutingRules" name="test_list_routing_rules" time="0.009" /><testcase classname="tests.test_phase7_10_trinity.TestPhase8AdminRoutingRules" name="test_create_routing_rule" time="0.011" /><testcase classname="tests.test_phase7_10_trinity.TestPhase8AdminRoutingRules" name="test_delete_routing_rule" time="0.014" /><testcase classname="tests.test_phase7_10_trinity.TestPhase8AdminSLA" name="test_get_sla_policies" time="0.050" /><testcase classname="tests.test_phase7_10_trinity.TestPhase8AdminSLA" name="test_update_sla_policies" time="0.010" /><testcase classname="tests.test_phase7_10_trinity.TestPhase8AdminSettings" name="test_get_settings" time="0.013" /><testcase classname="tests.test_phase7_10_trinity.TestPhase8AdminSettings" name="test_update_settings" time="0.050" /><testcase classname="tests.test_phase7_10_trinity.TestPhase8DataExport" name="test_get_tickets_for_export" time="0.010" /><testcase classname="tests.test_phase7_10_trinity.TestPhase8DataExport" name="test_get_users_for_export" time="0.009" /><testcase classname="tests.test_phase7_10_trinity.TestPhase8DataExport" name="test_get_teams_for_export" time="0.051" /><testcase classname="tests.test_phase7_10_trinity.TestPhase8DataExport" name="test_admin_export_tickets" time="0.684" /><testcase classname="tests.test_phase7_10_trinity.TestPhase8Shifts" name="test_get_shifts" time="0.010" /><testcase classname="tests.test_phase7_10_trinity.TestPhase9Search" name="test_search_tickets" time="0.015" /><testcase classname="tests.test_phase7_10_trinity.TestPhase9Search" name="test_search_suggestions" time="0.052" /><testcase classname="tests.test_phase7_10_trinity.TestPhase9TicketOperations" name="test_get_tickets_list" time="0.011" /><testcase classname="tests.test_phase7_10_trinity.TestPhase9TicketOperations" name="test_update_ticket_status" time="0.012" /><testcase classname="tests.test_phase7_10_trinity.TestPhase9TicketOperations" name="test_assign_ticket" time="0.011" /><testcase classname="tests.test_phase7_10_trinity.TestPhase9TicketOperations" name="test_add_internal_note" time="0.052" /><testcase classname="tests.test_phase7_10_trinity.TestPhase9TicketOperations" name="test_star_ticket" time="0.012" /><testcase classname="tests.test_phase7_10_trinity.TestPhase9TicketOperations" name="test_get_starred_tickets" time="0.009" /><testcase classname="tests.test_phase7_10_trinity.TestPhase9TicketOperations" name="test_unstar_ticket" time="0.052" /><testcase classname="tests.test_phase7_10_trinity.TestPhase10TicketLifecycle" name="test_create_ticket" time="0.016" /><testcase classname="tests.test_phase7_10_trinity.TestPhase10TicketLifecycle" name="test_assign_ticket" time="0.012" /><testcase classname="tests.test_phase7_10_trinity.TestPhase10TicketLifecycle" name="test_update_status_in_progress" time="0.012" /><testcase classname="tests.test_phase7_10_trinity.TestPhase10TicketLifecycle" name="test_resolve_ticket" time="0.022" /><testcase classname="tests.test_phase7_10_trinity.TestPhase10CSATSurvey" name="test_csat_endpoint_exists" time="0.011" /><testcase classname="tests.test_phase7_10_trinity.TestBugFixVerification" name="test_feature_request_default_status_new" time="0.019" /><testcase classname="tests.test_phase7_10_trinity.TestBugFixVerification" name="test_feature_request_category_field" time="0.050" /><testcase classname="tests.test_phase7_10_trinity.TestCleanup" name="test_cleanup_lifecycle_ticket" time="0.052" /></testsuite></testsuites>