<?xml version="1.0" encoding="utf-8"?><testsuites name="pytest tests"><testsuite name="pytest" errors="0" failures="0" skipped="0" tests="50" time="3.395" timestamp="2026-02-12T05:55:08.463509+00:00" hostname="agent-env-f0a6e4ad-9f21-4cb3-915e-d3f4359bf698"><testcase classname="tests.test_backend_routes_regression.TestHealthCheck" name="test_health_endpoint_returns_healthy" time="0.063" /><testcase classname="tests.test_backend_routes_regression.TestAuthRoutes" name="test_auth_me_with_session" time="0.038" /><testcase classname="tests.test_backend_routes_regression.TestAuthRoutes" name="test_auth_me_without_session_returns_401" time="0.034" /><testcase classname="tests.test_backend_routes_regression.TestAuthRoutes" name="test_auth_logout" time="0.035" /><testcase classname="tests.test_backend_routes_regression.TestAuthRoutes" name="test_get_api_keys" time="0.039" /><testcase classname="tests.test_backend_routes_regression.TestUserRoutes" name="test_get_users_me" time="0.035" /><testcase classname="tests.test_backend_routes_regression.TestUserRoutes" name="test_get_users_paginated" time="0.037" /><testcase classname="tests.test_backend_routes_regression.TestTeamRoutes" name="test_get_teams" time="0.037" /><testcase classname="tests.test_backend_routes_regression.TestTeamRoutes" name="test_create_and_delete_team" time="0.052" /><testcase classname="tests.test_backend_routes_regression.TestShiftRoutes" name="test_get_all_shifts" time="0.039" /><testcase classname="tests.test_backend_routes_regression.TestTicketRoutes" name="test_get_tickets_paginated" time="0.036" /><testcase classname="tests.test_backend_routes_regression.TestTicketRoutes" name="test_get_tickets_with_status_filter" time="0.037" /><testcase classname="tests.test_backend_routes_regression.TestTicketRoutes" name="test_get_starred_tickets" time="0.042" /><testcase classname="tests.test_backend_routes_regression.TestTicketRoutes" name="test_get_escalation_counts" time="0.036" /><testcase classname="tests.test_backend_routes_regression.TestTicketRoutes" name="test_ticket_crud" time="0.169" /><testcase classname="tests.test_backend_routes_regression.TestTicketOpsRoutes" name="test_bulk_update_endpoint_exists" time="0.074" /><testcase classname="tests.test_backend_routes_regression.TestTicketOpsRoutes" name="test_bulk_tag_endpoint_exists" time="0.036" /><testcase classname="tests.test_backend_routes_regression.TestEmailRoutes" name="test_email_status" time="0.253" /><testcase classname="tests.test_backend_routes_regression.TestEmailRoutes" name="test_gmail_status" time="0.038" /><testcase classname="tests.test_backend_routes_regression.TestAdminRoutes" name="test_get_admin_settings" time="0.035" /><testcase classname="tests.test_backend_routes_regression.TestAdminRoutes" name="test_get_custom_fields" time="0.036" /><testcase classname="tests.test_backend_routes_regression.TestAdminRoutes" name="test_get_routing_rules" time="0.035" /><testcase classname="tests.test_backend_routes_regression.TestAdminRoutes" name="test_get_sla_policies_admin" time="0.038" /><testcase classname="tests.test_backend_routes_regression.TestAdminRoutes" name="test_get_sla_escalation_rules" time="0.035" /><testcase classname="tests.test_backend_routes_regression.TestAdminRoutes" name="test_auto_close_status" time="0.036" /><testcase classname="tests.test_backend_routes_regression.TestSLARoutes" name="test_list_sla_policies" time="0.038" /><testcase classname="tests.test_backend_routes_regression.TestAnalyticsRoutes" name="test_analytics_summary" time="0.037" /><testcase classname="tests.test_backend_routes_regression.TestAnalyticsRoutes" name="test_analytics_overview" time="0.040" /><testcase classname="tests.test_backend_routes_regression.TestAnalyticsRoutes" name="test_analytics_agents" time="0.037" /><testcase classname="tests.test_backend_routes_regression.TestSearchPresenceRoutes" name="test_search_suggestions" time="0.037" /><testcase classname="tests.test_backend_routes_regression.TestSearchPresenceRoutes" name="test_presence_stats" time="0.038" /><testcase classname="tests.test_backend_routes_regression.TestSearchPresenceRoutes" name="test_notifications" time="0.037" /><testcase classname="tests.test_backend_routes_regression.TestLeaveRoutes" name="test_get_leaves" time="0.038" /><testcase classname="tests.test_backend_routes_regression.TestFeatureRequestRoutes" name="test_list_feature_requests" time="0.041" /><testcase classname="tests.test_backend_routes_regression.TestFeatureRequestRoutes" name="test_create_and_delete_feature_request" time="0.097" /><testcase classname="tests.test_backend_routes_regression.TestExportRoutes" name="test_export_tickets" time="0.593" /><testcase classname="tests.test_backend_routes_regression.TestExportRoutes" name="test_export_customers" time="0.325" /><testcase classname="tests.test_backend_routes_regression.TestFilterRoutes" name="test_filter_tickets" time="0.035" /><testcase classname="tests.test_backend_routes_regression.TestFilterRoutes" name="test_filter_fields" time="0.035" /><testcase classname="tests.test_backend_routes_regression.TestFilterRoutes" name="test_inbox_crud" time="0.099" /><testcase classname="tests.test_backend_routes_regression.TestWebhookRoutes" name="test_webhook_events" time="0.036" /><testcase classname="tests.test_backend_routes_regression.TestCustomerRoutes" name="test_list_customers" time="0.038" /><testcase classname="tests.test_backend_routes_regression.TestCustomerRoutes" name="test_search_customers" time="0.036" /><testcase classname="tests.test_backend_routes_regression.TestCannedResponseRoutes" name="test_get_canned_responses" time="0.036" /><testcase classname="tests.test_backend_routes_regression.TestCannedResponseRoutes" name="test_canned_response_crud" time="0.048" /><testcase classname="tests.test_backend_routes_regression.TestCSATRoutes" name="test_csat_analytics" time="0.035" /><testcase classname="tests.test_backend_routes_regression.TestModuleImports" name="test_database_module" time="0.036" /><testcase classname="tests.test_backend_routes_regression.TestModuleImports" name="test_dependencies_module" time="0.037" /><testcase classname="tests.test_backend_routes_regression.TestModuleImports" name="test_utils_module" time="0.035" /><testcase classname="tests.test_backend_routes_regression.TestModuleImports" name="test_schemas_module" time="0.039" /></testsuite></testsuites>