<?xml version="1.0" encoding="utf-8"?><testsuites name="pytest tests"><testsuite name="pytest" errors="0" failures="0" skipped="0" tests="22" time="1.778" timestamp="2026-02-11T22:57:54.398464+00:00" hostname="agent-env-30586455-73e6-42d0-bad2-47cf4ad4e90b"><testcase classname="backend.tests.test_inbox_crud_sharing.TestUsersEndpoint" name="test_users_returns_paginated_response" time="0.087" /><testcase classname="backend.tests.test_inbox_crud_sharing.TestInboxCreate" name="test_create_inbox_success" time="0.071" /><testcase classname="backend.tests.test_inbox_crud_sharing.TestInboxCreate" name="test_create_inbox_with_complex_filter" time="0.077" /><testcase classname="backend.tests.test_inbox_crud_sharing.TestInboxCreate" name="test_create_inbox_default_color" time="0.067" /><testcase classname="backend.tests.test_inbox_crud_sharing.TestInboxRead" name="test_get_all_inboxes" time="0.080" /><testcase classname="backend.tests.test_inbox_crud_sharing.TestInboxRead" name="test_get_single_inbox" time="0.119" /><testcase classname="backend.tests.test_inbox_crud_sharing.TestInboxRead" name="test_get_nonexistent_inbox" time="0.012" /><testcase classname="backend.tests.test_inbox_crud_sharing.TestInboxUpdate" name="test_update_inbox_name" time="0.088" /><testcase classname="backend.tests.test_inbox_crud_sharing.TestInboxUpdate" name="test_update_inbox_color" time="0.088" /><testcase classname="backend.tests.test_inbox_crud_sharing.TestInboxUpdate" name="test_update_inbox_name_and_color" time="0.123" /><testcase classname="backend.tests.test_inbox_crud_sharing.TestInboxUpdate" name="test_update_nonexistent_inbox" time="0.013" /><testcase classname="backend.tests.test_inbox_crud_sharing.TestInboxDelete" name="test_delete_inbox" time="0.050" /><testcase classname="backend.tests.test_inbox_crud_sharing.TestInboxDelete" name="test_delete_nonexistent_inbox" time="0.013" /><testcase classname="backend.tests.test_inbox_crud_sharing.TestInboxShare" name="test_share_inbox_creates_decoupled_copy" time="0.088" /><testcase classname="backend.tests.test_inbox_crud_sharing.TestInboxShare" name="test_share_with_multiple_users" time="0.084" /><testcase classname="backend.tests.test_inbox_crud_sharing.TestInboxShare" name="test_share_inbox_skips_self" time="0.120" /><testcase classname="backend.tests.test_inbox_crud_sharing.TestInboxShare" name="test_share_nonexistent_inbox" time="0.012" /><testcase classname="backend.tests.test_inbox_crud_sharing.TestInboxShare" name="test_share_with_invalid_user" time="0.076" /><testcase classname="backend.tests.test_inbox_crud_sharing.TestInboxTickets" name="test_get_inbox_tickets" time="0.037" /><testcase classname="backend.tests.test_inbox_crud_sharing.TestInboxTickets" name="test_get_inbox_tickets_pagination" time="0.132" /><testcase classname="backend.tests.test_inbox_crud_sharing.TestInboxTickets" name="test_get_nonexistent_inbox_tickets" time="0.055" /><testcase classname="backend.tests.test_inbox_crud_sharing.TestFullCRUDLifecycle" name="test_full_inbox_lifecycle" time="0.190" /></testsuite></testsuites>