<?xml version="1.0" encoding="utf-8"?><testsuites name="pytest tests"><testsuite name="pytest" errors="0" failures="0" skipped="0" tests="16" time="3.290" timestamp="2026-02-16T22:38:13.469847+00:00" hostname="agent-env-27fa731b-1ab4-44ad-8da8-57e8224498bd"><testcase classname="tests.test_kb_admin_api.TestAdminArticlesEndpoint" name="test_admin_articles_requires_auth" time="0.384" /><testcase classname="tests.test_kb_admin_api.TestAdminArticlesEndpoint" name="test_admin_articles_with_auth" time="0.287" /><testcase classname="tests.test_kb_admin_api.TestAdminArticlesEndpoint" name="test_admin_articles_includes_nav_groups" time="0.243" /><testcase classname="tests.test_kb_admin_api.TestArticleCRUD" name="test_create_article" time="0.152" /><testcase classname="tests.test_kb_admin_api.TestArticleCRUD" name="test_create_duplicate_slug_rejected" time="0.125" /><testcase classname="tests.test_kb_admin_api.TestArticleCRUD" name="test_update_article_title_and_content" time="0.214" /><testcase classname="tests.test_kb_admin_api.TestArticleCRUD" name="test_update_article_slug_rename" time="0.179" /><testcase classname="tests.test_kb_admin_api.TestArticleCRUD" name="test_toggle_published_status" time="0.353" /><testcase classname="tests.test_kb_admin_api.TestArticleCRUD" name="test_update_nonexistent_article_returns_404" time="0.129" /><testcase classname="tests.test_kb_admin_api.TestArticleCRUD" name="test_delete_article" time="0.253" /><testcase classname="tests.test_kb_admin_api.TestNavigationUpdate" name="test_update_navigation_structure" time="0.227" /><testcase classname="tests.test_kb_admin_api.TestPublicAPIRegression" name="test_public_articles_excludes_content" time="0.113" /><testcase classname="tests.test_kb_admin_api.TestPublicAPIRegression" name="test_public_articles_only_published" time="0.121" /><testcase classname="tests.test_kb_admin_api.TestPublicAPIRegression" name="test_public_navigation_works" time="0.132" /><testcase classname="tests.test_kb_admin_api.TestPublicAPIRegression" name="test_public_article_detail_with_prev_next" time="0.141" /><testcase classname="tests.test_kb_admin_api.TestPublicAPIRegression" name="test_search_works" time="0.143" /></testsuite></testsuites>