<?xml version="1.0" encoding="utf-8"?><testsuites name="pytest tests"><testsuite name="pytest" errors="0" failures="0" skipped="0" tests="6" time="1.720" timestamp="2026-02-17T16:58:48.165211+00:00" hostname="agent-env-4a67fdbf-6402-42a1-b5de-7094ed210f5a"><testcase classname="backend.tests.test_kb_bulk_move.TestBulkMoveArticlesEndpoint" name="test_bulk_move_requires_authentication" time="0.194" /><testcase classname="backend.tests.test_kb_bulk_move.TestBulkMoveArticlesEndpoint" name="test_bulk_move_with_auth_no_op" time="0.369" /><testcase classname="backend.tests.test_kb_bulk_move.TestBulkMoveArticlesEndpoint" name="test_bulk_move_returns_count" time="0.490" /><testcase classname="backend.tests.test_kb_bulk_move.TestBulkMoveArticlesEndpoint" name="test_bulk_move_empty_section" time="0.109" /><testcase classname="backend.tests.test_kb_bulk_move.TestBulkMoveArticlesEndpoint" name="test_bulk_move_validation" time="0.333" /><testcase classname="backend.tests.test_kb_bulk_move.TestBulkMoveIntegration" name="test_get_navigation_structure" time="0.173" /></testsuite></testsuites>