<?xml version="1.0" encoding="utf-8"?><testsuites name="pytest tests"><testsuite name="pytest" errors="0" failures="0" skipped="1" tests="8" time="2.381" timestamp="2026-02-26T15:45:07.486091+00:00" hostname="agent-env-0aaee98b-3b4f-49f6-ae5f-17b1b199d239"><testcase classname="tests.test_ticket_merge_search.TestNumericTicketSearch" name="test_search_numeric_id_without_prefix" time="0.202" /><testcase classname="tests.test_ticket_merge_search.TestNumericTicketSearch" name="test_search_ticket_id_with_prefix" time="0.316" /><testcase classname="tests.test_ticket_merge_search.TestSearchResponseFormat" name="test_search_returns_by_category_tickets" time="0.282" /><testcase classname="tests.test_ticket_merge_search.TestSearchResponseFormat" name="test_search_param_is_type_not_types" time="0.193" /><testcase classname="tests.test_ticket_merge_search.TestMergeSuggestions" name="test_get_merge_suggestions_returns_multiple" time="0.429" /><testcase classname="tests.test_ticket_merge_search.TestMergeEndpoint" name="test_merge_endpoint_exists" time="0.588"><skipped type="pytest.skip" message="Could not create test tickets for merge test">/app/backend/tests/test_ticket_merge_search.py:168: Could not create test tickets for merge test</skipped></testcase><testcase classname="tests.test_ticket_merge_search.TestMergeEndpoint" name="test_merge_requires_target_ticket_id" time="0.125" /><testcase classname="tests.test_ticket_merge_search.TestSearchTypeSingular" name="test_search_uses_type_param" time="0.197" /></testsuite></testsuites>