<?xml version="1.0" encoding="utf-8"?><testsuites name="pytest tests"><testsuite name="pytest" errors="0" failures="0" skipped="0" tests="11" time="3.861" timestamp="2026-02-17T16:48:23.043283+00:00" hostname="agent-env-4a67fdbf-6402-42a1-b5de-7094ed210f5a"><testcase classname="backend.tests.test_kb_admin_editor_features.TestKBAdminAutoOrder" name="test_get_existing_articles" time="0.334" /><testcase classname="backend.tests.test_kb_admin_editor_features.TestKBAdminAutoOrder" name="test_create_article_auto_order_end_of_section" time="0.601" /><testcase classname="backend.tests.test_kb_admin_editor_features.TestKBAdminAutoOrder" name="test_create_article_with_explicit_order" time="0.256" /><testcase classname="backend.tests.test_kb_admin_editor_features.TestKBAdminNavAutoSync" name="test_create_article_with_new_section_auto_syncs_nav" time="0.474" /><testcase classname="backend.tests.test_kb_admin_editor_features.TestKBAdminNavigationCRUD" name="test_get_current_navigation" time="0.105" /><testcase classname="backend.tests.test_kb_admin_editor_features.TestKBAdminNavigationCRUD" name="test_update_navigation_structure" time="0.541" /><testcase classname="backend.tests.test_kb_admin_editor_features.TestKBAdminNavigationCRUD" name="test_update_navigation_with_new_group" time="0.402" /><testcase classname="backend.tests.test_kb_admin_editor_features.TestKBArticleIconField" name="test_create_article_with_icon" time="0.249" /><testcase classname="backend.tests.test_kb_admin_editor_features.TestKBArticleIconField" name="test_update_article_icon" time="0.460" /><testcase classname="backend.tests.test_kb_admin_editor_features.TestKBPublicPrevNextNavigation" name="test_public_data_structure" time="0.180" /><testcase classname="backend.tests.test_kb_admin_editor_features.TestKBPublicPrevNextNavigation" name="test_verify_tab_scoped_navigation_data" time="0.205" /></testsuite></testsuites>