<?xml version="1.0" encoding="utf-8"?><testsuites name="pytest tests"><testsuite name="pytest" errors="0" failures="0" skipped="0" tests="14" time="32.410" timestamp="2026-02-11T20:38:53.804562+00:00" hostname="agent-env-ef3598d0-36c0-47c3-bab4-e89bbfa1fac4"><testcase classname="tests.test_realtime_broadcast.TestHealthAndBasicConnectivity" name="test_health_check" time="0.070" /><testcase classname="tests.test_realtime_broadcast.TestHealthAndBasicConnectivity" name="test_auth_me" time="0.012" /><testcase classname="tests.test_realtime_broadcast.TestEmailSyncEndpoint" name="test_manual_sync_returns_valid_response" time="20.875" /><testcase classname="tests.test_realtime_broadcast.TestEmailSyncEndpoint" name="test_sync_does_not_return_objectid" time="0.017" /><testcase classname="tests.test_realtime_broadcast.TestSerializeDocFunction" name="test_ticket_response_serialization" time="0.016" /><testcase classname="tests.test_realtime_broadcast.TestSerializeDocFunction" name="test_user_response_serialization" time="0.015" /><testcase classname="tests.test_realtime_broadcast.TestRealtimeBroadcastSetup" name="test_realtime_module_imports" time="0.275" /><testcase classname="tests.test_realtime_broadcast.TestRealtimeBroadcastSetup" name="test_socket_io_endpoint_exists" time="0.042" /><testcase classname="tests.test_realtime_broadcast.TestTicketCRUDWithBroadcast" name="test_create_ticket_broadcasts" time="0.020" /><testcase classname="tests.test_realtime_broadcast.TestTicketCRUDWithBroadcast" name="test_update_ticket_broadcasts" time="0.042" /><testcase classname="tests.test_realtime_broadcast.TestTicketCRUDWithBroadcast" name="test_delete_ticket_broadcasts" time="0.027" /><testcase classname="tests.test_realtime_broadcast.TestEmailSyncBroadcasting" name="test_email_sync_status" time="10.863" /><testcase classname="tests.test_realtime_broadcast.TestEmailSyncBroadcasting" name="test_sync_state_persistence" time="0.001" /><testcase classname="tests.test_realtime_broadcast.TestCleanup" name="test_cleanup_test_tickets" time="0.002" /></testsuite></testsuites>