<?xml version="1.0" encoding="utf-8"?><testsuites name="pytest tests"><testsuite name="pytest" errors="0" failures="0" skipped="0" tests="19" time="3.052" timestamp="2026-02-17T08:14:14.042850+00:00" hostname="agent-env-a69a9ac6-52ef-4dbf-a5e7-8ef28a23cd1e"><testcase classname="tests.test_kb_routing_changes.TestKBPublicAPI" name="test_kb_public_data_returns_200" time="0.246" /><testcase classname="tests.test_kb_routing_changes.TestKBPublicAPI" name="test_kb_public_data_has_5_navigation_tabs" time="0.221" /><testcase classname="tests.test_kb_routing_changes.TestKBPublicAPI" name="test_kb_public_data_has_documents" time="0.124" /><testcase classname="tests.test_kb_routing_changes.TestKBPublicAPI" name="test_documents_have_required_fields" time="0.215" /><testcase classname="tests.test_kb_routing_changes.TestKBPublicAPI" name="test_navigation_tabs_have_groups_with_pages" time="0.119" /><testcase classname="tests.test_kb_routing_changes.TestKBPublicAPI" name="test_navbar_has_support_link" time="0.170" /><testcase classname="tests.test_kb_routing_changes.TestKBPublicAPI" name="test_kb_articles_list" time="0.155" /><testcase classname="tests.test_kb_routing_changes.TestKBPublicAPI" name="test_kb_article_by_slug_welcome" time="0.139" /><testcase classname="tests.test_kb_routing_changes.TestKBPublicAPI" name="test_kb_article_by_slug_voice_mode" time="0.174" /><testcase classname="tests.test_kb_routing_changes.TestKBPublicAPI" name="test_kb_search_emergent" time="0.148" /><testcase classname="tests.test_kb_routing_changes.TestKBPublicAPI" name="test_kb_search_short_query" time="0.194" /><testcase classname="tests.test_kb_routing_changes.TestKBPublicAPI" name="test_kb_navigation" time="0.166" /><testcase classname="tests.test_kb_routing_changes.TestKBAdminAPIAuth" name="test_admin_articles_requires_auth" time="0.131" /><testcase classname="tests.test_kb_routing_changes.TestKBAdminAPIAuth" name="test_admin_create_article_requires_auth" time="0.169" /><testcase classname="tests.test_kb_routing_changes.TestKBAdminAPIAuth" name="test_admin_update_article_requires_auth" time="0.164" /><testcase classname="tests.test_kb_routing_changes.TestKBAdminAPIAuth" name="test_admin_delete_article_requires_auth" time="0.146" /><testcase classname="tests.test_kb_routing_changes.TestPortalRegression" name="test_portal_categories" time="0.102" /><testcase classname="tests.test_kb_routing_changes.TestRoutingIntegrity" name="test_health_check" time="0.102" /><testcase classname="tests.test_kb_routing_changes.TestRoutingIntegrity" name="test_auth_me_returns_401_unauthenticated" time="0.112" /></testsuite></testsuites>