<?xml version="1.0" encoding="utf-8"?><testsuites name="pytest tests"><testsuite name="pytest" errors="0" failures="0" skipped="0" tests="8" time="8.413" timestamp="2026-02-14T20:26:56.938130+00:00" hostname="agent-env-d125a778-52dd-46ef-82be-a1f7d36dbef5"><testcase classname="backend.tests.test_ai_summary.TestHealthCheck" name="test_health_check" time="0.210" /><testcase classname="backend.tests.test_ai_summary.TestSummaryEndpointBasic" name="test_summary_non_existent_ticket" time="0.054" /><testcase classname="backend.tests.test_ai_summary.TestSummaryEndpointBasic" name="test_summary_endpoint_exists" time="0.112" /><testcase classname="backend.tests.test_ai_summary.TestSummaryEligibility" name="test_summary_returns_eligible_false_for_insufficient_messages" time="0.162" /><testcase classname="backend.tests.test_ai_summary.TestSummaryEligibility" name="test_summary_response_structure" time="0.104" /><testcase classname="backend.tests.test_ai_summary.TestSummaryGeneration" name="test_summary_with_sufficient_messages" time="4.729" /><testcase classname="backend.tests.test_ai_summary.TestSummaryGeneration" name="test_summary_force_regeneration" time="2.224" /><testcase classname="backend.tests.test_ai_summary.TestMessageTypeCounting" name="test_message_types_counted_correctly" time="0.754" /></testsuite></testsuites>