<?xml version="1.0" encoding="utf-8"?><testsuites name="pytest tests"><testsuite name="pytest" errors="0" failures="0" skipped="0" tests="17" time="4.267" timestamp="2026-02-16T07:13:18.894563+00:00" hostname="agent-env-27fa731b-1ab4-44ad-8da8-57e8224498bd"><testcase classname="tests.test_portal_category_help_articles.TestPortalCategoriesPublic" name="test_get_all_categories" time="0.239" /><testcase classname="tests.test_portal_category_help_articles.TestPortalCategoriesPublic" name="test_get_single_category" time="0.110" /><testcase classname="tests.test_portal_category_help_articles.TestPortalCategoriesPublic" name="test_get_nonexistent_category" time="0.121" /><testcase classname="tests.test_portal_category_help_articles.TestAdminCategoryManagement" name="test_create_category_with_help_articles" time="0.182" /><testcase classname="tests.test_portal_category_help_articles.TestAdminCategoryManagement" name="test_update_category_help_articles" time="0.106" /><testcase classname="tests.test_portal_category_help_articles.TestAdminCategoryManagement" name="test_update_category_slug_rename" time="0.330" /><testcase classname="tests.test_portal_category_help_articles.TestAdminCategoryManagement" name="test_delete_category" time="0.225" /><testcase classname="tests.test_portal_category_help_articles.TestAdminCategoryManagement" name="test_admin_auth_required" time="0.107" /><testcase classname="tests.test_portal_category_help_articles.TestPortalCustomerAuth" name="test_register_customer" time="0.332" /><testcase classname="tests.test_portal_category_help_articles.TestPortalCustomerAuth" name="test_login_customer" time="0.664" /><testcase classname="tests.test_portal_category_help_articles.TestPortalCustomerAuth" name="test_get_customer_me" time="0.106" /><testcase classname="tests.test_portal_category_help_articles.TestPortalCustomerAuth" name="test_invalid_login" time="0.105" /><testcase classname="tests.test_portal_category_help_articles.TestCustomerTicketHistory" name="test_submit_ticket" time="0.101" /><testcase classname="tests.test_portal_category_help_articles.TestCustomerTicketHistory" name="test_get_my_tickets" time="0.108" /><testcase classname="tests.test_portal_category_help_articles.TestCustomerTicketHistory" name="test_get_ticket_detail" time="1.100" /><testcase classname="tests.test_portal_category_help_articles.TestCustomerTicketHistory" name="test_ticket_auth_required" time="0.131" /><testcase classname="tests.test_portal_category_help_articles.TestHelpArticlesInCategory" name="test_credits_pricing_has_help_articles" time="0.123" /></testsuite></testsuites>