<?xml version="1.0" encoding="utf-8"?><testsuites name="pytest tests"><testsuite name="pytest" errors="0" failures="0" skipped="0" tests="15" time="5.602" timestamp="2026-02-17T21:24:03.267251+00:00" hostname="agent-env-a0eea7d3-364f-4b5d-a391-7d2c83d8f100"><testcase classname="backend.tests.test_portal_triage_funnel.TestPortalCategoriesTriageFunnel" name="test_get_categories_list" time="0.416" /><testcase classname="backend.tests.test_portal_triage_funnel.TestPortalCategoriesTriageFunnel" name="test_get_category_with_subtopics" time="0.157" /><testcase classname="backend.tests.test_portal_triage_funnel.TestPortalCategoriesTriageFunnel" name="test_deployments_category_for_emergency" time="0.135" /><testcase classname="backend.tests.test_portal_triage_funnel.TestPortalTicketSubmissionWithTags" name="test_submit_ticket_with_tags_from_triage" time="0.535" /><testcase classname="backend.tests.test_portal_triage_funnel.TestPortalTicketSubmissionWithTags" name="test_submit_ticket_with_emergency_priority" time="0.767" /><testcase classname="backend.tests.test_portal_triage_funnel.TestPortalTicketSubmissionWithTags" name="test_submit_ticket_with_empty_tags" time="0.521" /><testcase classname="backend.tests.test_portal_triage_funnel.TestPortalTicketSubmissionWithTags" name="test_submit_ticket_without_tags_field" time="0.515" /><testcase classname="backend.tests.test_portal_triage_funnel.TestPortalTicketSubmissionWithTags" name="test_ticket_stores_tags_correctly" time="0.727" /><testcase classname="backend.tests.test_portal_triage_funnel.TestPortalAuthAndRedirect" name="test_customer_registration" time="0.338" /><testcase classname="backend.tests.test_portal_triage_funnel.TestPortalAuthAndRedirect" name="test_customer_login" time="0.834" /><testcase classname="backend.tests.test_portal_triage_funnel.TestPortalAuthAndRedirect" name="test_auth_me_with_token" time="0.591" /><testcase classname="backend.tests.test_portal_triage_funnel.TestTriageFunnelURLParams" name="test_category_only_params" time="0.000" /><testcase classname="backend.tests.test_portal_triage_funnel.TestTriageFunnelURLParams" name="test_category_subtopic_params" time="0.000" /><testcase classname="backend.tests.test_portal_triage_funnel.TestTriageFunnelURLParams" name="test_category_subtopic_tag_params" time="0.000" /><testcase classname="backend.tests.test_portal_triage_funnel.TestTriageFunnelURLParams" name="test_emergency_params" time="0.000" /></testsuite></testsuites>