<?xml version="1.0" encoding="utf-8"?><testsuites name="pytest tests"><testsuite name="pytest" errors="0" failures="1" skipped="0" tests="19" time="512.236" timestamp="2026-02-12T23:24:19.428640+00:00" hostname="agent-env-f7555c57-5c27-444b-b70e-e4c2c72a5bf9"><testcase classname="backend.tests.test_knowledge_base.TestKnowledgeBaseAPI" name="test_health_check" time="505.970" /><testcase classname="backend.tests.test_knowledge_base.TestKnowledgeBaseAPI" name="test_list_snippets" time="0.121" /><testcase classname="backend.tests.test_knowledge_base.TestKnowledgeBaseAPI" name="test_list_snippets_with_search" time="0.047" /><testcase classname="backend.tests.test_knowledge_base.TestKnowledgeBaseAPI" name="test_list_snippets_with_status_filter" time="0.090" /><testcase classname="backend.tests.test_knowledge_base.TestKnowledgeBaseAPI" name="test_create_snippet" time="0.043" /><testcase classname="backend.tests.test_knowledge_base.TestKnowledgeBaseAPI" name="test_get_snippet_by_id" time="0.060" /><testcase classname="backend.tests.test_knowledge_base.TestKnowledgeBaseAPI" name="test_update_snippet" time="0.102" /><testcase classname="backend.tests.test_knowledge_base.TestKnowledgeBaseAPI" name="test_publish_unpublish_toggle" time="0.109" /><testcase classname="backend.tests.test_knowledge_base.TestKnowledgeBaseAPI" name="test_delete_snippet" time="0.113" /><testcase classname="backend.tests.test_knowledge_base.TestKnowledgeBaseAPI" name="test_delete_nonexistent_snippet" time="0.042" /><testcase classname="backend.tests.test_knowledge_base.TestKnowledgeBaseSearch" name="test_search_no_query" time="0.042" /><testcase classname="backend.tests.test_knowledge_base.TestKnowledgeBaseSearch" name="test_search_with_query" time="0.042" /><testcase classname="backend.tests.test_knowledge_base.TestKnowledgeBaseSearch" name="test_search_with_limit" time="0.040" /><testcase classname="backend.tests.test_knowledge_base.TestKnowledgeBaseExport" name="test_export_json" time="0.044" /><testcase classname="backend.tests.test_knowledge_base.TestKnowledgeBaseExport" name="test_export_csv" time="0.070"><failure message="assert 520 == 200&#10; +  where 520 = &lt;Response [520]&gt;.status_code">backend/tests/test_knowledge_base.py:260: in test_export_csv
    assert response.status_code == 200
E   assert 520 == 200
E    +  where 520 = &lt;Response [520]&gt;.status_code</failure></testcase><testcase classname="backend.tests.test_knowledge_base.TestKnowledgeBaseAIRefine" name="test_refine_snippet" time="4.954" /><testcase classname="backend.tests.test_knowledge_base.TestKnowledgeBaseAIRefine" name="test_refine_empty_content" time="0.075" /><testcase classname="backend.tests.test_knowledge_base.TestKnowledgeBaseAIRefine" name="test_refine_nonexistent_snippet" time="0.042" /><testcase classname="backend.tests.test_knowledge_base.TestKnowledgeBaseExistingData" name="test_existing_snippets_exist" time="0.043" /></testsuite></testsuites>