<?xml version="1.0" encoding="utf-8"?><testsuites name="pytest tests"><testsuite name="pytest" errors="0" failures="0" skipped="0" tests="18" time="2.788" timestamp="2026-02-17T07:51:37.325176+00:00" hostname="agent-env-a69a9ac6-52ef-4dbf-a5e7-8ef28a23cd1e"><testcase classname="tests.test_kb_public_docs.TestKBPublicDataEndpoint" name="test_public_data_returns_200" time="0.268" /><testcase classname="tests.test_kb_public_docs.TestKBPublicDataEndpoint" name="test_public_data_structure" time="0.159" /><testcase classname="tests.test_kb_public_docs.TestKBPublicDataEndpoint" name="test_config_has_navigation_tabs" time="0.124" /><testcase classname="tests.test_kb_public_docs.TestKBPublicDataEndpoint" name="test_tab_labels" time="0.142" /><testcase classname="tests.test_kb_public_docs.TestKBPublicDataEndpoint" name="test_tabs_have_groups" time="0.287" /><testcase classname="tests.test_kb_public_docs.TestKBPublicDataEndpoint" name="test_tabs_have_icons" time="0.151" /><testcase classname="tests.test_kb_public_docs.TestKBDocuments" name="test_documents_not_empty" time="0.161" /><testcase classname="tests.test_kb_public_docs.TestKBDocuments" name="test_documents_structure" time="0.120" /><testcase classname="tests.test_kb_public_docs.TestKBDocuments" name="test_welcome_article_exists" time="0.112" /><testcase classname="tests.test_kb_public_docs.TestKBDocuments" name="test_documents_have_content" time="0.158" /><testcase classname="tests.test_kb_public_docs.TestKBNavbar" name="test_navbar_has_links" time="0.127" /><testcase classname="tests.test_kb_public_docs.TestKBNavbar" name="test_navbar_has_primary_cta" time="0.121" /><testcase classname="tests.test_kb_public_docs.TestKBOtherEndpoints" name="test_navigation_endpoint" time="0.115" /><testcase classname="tests.test_kb_public_docs.TestKBOtherEndpoints" name="test_articles_list" time="0.113" /><testcase classname="tests.test_kb_public_docs.TestKBOtherEndpoints" name="test_article_by_slug" time="0.125" /><testcase classname="tests.test_kb_public_docs.TestKBOtherEndpoints" name="test_search_endpoint" time="0.107" /><testcase classname="tests.test_kb_public_docs.TestPortalRegression" name="test_portal_categories" time="0.228" /><testcase classname="tests.test_kb_public_docs.TestLoginRegression" name="test_login_page_backend" time="0.097" /></testsuite></testsuites>