<?xml version="1.0" encoding="utf-8"?><testsuites name="pytest tests"><testsuite name="pytest" errors="0" failures="0" skipped="0" tests="23" time="1.225" timestamp="2026-02-12T04:29:44.875818+00:00" hostname="agent-env-30586455-73e6-42d0-bad2-47cf4ad4e90b"><testcase classname="tests.test_refactoring_regression.TestHealthCheck" name="test_health_endpoint" time="0.078" /><testcase classname="tests.test_refactoring_regression.TestAuthentication" name="test_auth_me_with_session_cookie" time="0.036" /><testcase classname="tests.test_refactoring_regression.TestAuthentication" name="test_auth_without_session_returns_401" time="0.037" /><testcase classname="tests.test_refactoring_regression.TestTickets" name="test_get_tickets_paginated" time="0.039" /><testcase classname="tests.test_refactoring_regression.TestTickets" name="test_get_tickets_with_status_filter" time="0.042" /><testcase classname="tests.test_refactoring_regression.TestUsers" name="test_get_users_paginated" time="0.043" /><testcase classname="tests.test_refactoring_regression.TestFilterRoutes" name="test_filter_tickets_with_status" time="0.038" /><testcase classname="tests.test_refactoring_regression.TestFilterRoutes" name="test_filter_tickets_with_complex_filter" time="0.044" /><testcase classname="tests.test_refactoring_regression.TestFilterRoutes" name="test_get_filter_fields" time="0.040" /><testcase classname="tests.test_refactoring_regression.TestInboxCRUD" name="test_get_inboxes" time="0.034" /><testcase classname="tests.test_refactoring_regression.TestInboxCRUD" name="test_create_inbox" time="0.043" /><testcase classname="tests.test_refactoring_regression.TestInboxCRUD" name="test_get_single_inbox" time="0.107" /><testcase classname="tests.test_refactoring_regression.TestInboxCRUD" name="test_update_inbox" time="0.052" /><testcase classname="tests.test_refactoring_regression.TestInboxCRUD" name="test_delete_inbox" time="0.054" /><testcase classname="tests.test_refactoring_regression.TestInboxSharing" name="test_share_inbox_creates_decoupled_copies" time="0.064" /><testcase classname="tests.test_refactoring_regression.TestInboxTickets" name="test_get_inbox_tickets" time="0.066" /><testcase classname="tests.test_refactoring_regression.TestAnalytics" name="test_get_analytics_summary" time="0.035" /><testcase classname="tests.test_refactoring_regression.TestTeams" name="test_get_teams" time="0.042" /><testcase classname="tests.test_refactoring_regression.TestImportVerification" name="test_database_module_working" time="0.076" /><testcase classname="tests.test_refactoring_regression.TestImportVerification" name="test_dependencies_module_working" time="0.041" /><testcase classname="tests.test_refactoring_regression.TestImportVerification" name="test_schemas_module_working" time="0.035" /><testcase classname="tests.test_refactoring_regression.TestImportVerification" name="test_utils_module_working" time="0.036" /><testcase classname="tests.test_refactoring_regression.TestImportVerification" name="test_filters_router_working" time="0.046" /></testsuite></testsuites>