<?xml version="1.0" encoding="utf-8"?><testsuites name="pytest tests"><testsuite name="pytest" errors="0" failures="0" skipped="0" tests="22" time="3.283" timestamp="2026-02-23T11:05:48.190894+00:00" hostname="agent-env-438a372e-1f1e-4079-98f1-1715842aacb6"><testcase classname="backend.tests.test_tickets_sorting.TestGetTicketsSorting" name="test_sort_by_created_at_desc" time="0.173" /><testcase classname="backend.tests.test_tickets_sorting.TestGetTicketsSorting" name="test_sort_by_created_at_asc" time="0.169" /><testcase classname="backend.tests.test_tickets_sorting.TestGetTicketsSorting" name="test_sort_by_priority_desc" time="0.124" /><testcase classname="backend.tests.test_tickets_sorting.TestGetTicketsSorting" name="test_sort_by_updated_at_desc" time="0.138" /><testcase classname="backend.tests.test_tickets_sorting.TestGetTicketsSorting" name="test_sort_by_status" time="0.119" /><testcase classname="backend.tests.test_tickets_sorting.TestGetTicketsSorting" name="test_sort_by_escalation_level" time="0.120" /><testcase classname="backend.tests.test_tickets_sorting.TestGetTicketsSorting" name="test_sort_by_last_message_at" time="0.234" /><testcase classname="backend.tests.test_tickets_sorting.TestGetTicketsSorting" name="test_invalid_sort_field_defaults_to_created_at" time="0.127" /><testcase classname="backend.tests.test_tickets_sorting.TestPostFilterTicketsSorting" name="test_filter_sort_by_created_at_asc" time="0.127" /><testcase classname="backend.tests.test_tickets_sorting.TestPostFilterTicketsSorting" name="test_filter_sort_by_updated_at_desc" time="0.149" /><testcase classname="backend.tests.test_tickets_sorting.TestPostFilterTicketsSorting" name="test_filter_sort_by_priority" time="0.117" /><testcase classname="backend.tests.test_tickets_sorting.TestPostFilterTicketsSorting" name="test_filter_sort_by_status" time="0.117" /><testcase classname="backend.tests.test_tickets_sorting.TestPostFilterTicketsSorting" name="test_filter_with_conditions_and_sort" time="0.161" /><testcase classname="backend.tests.test_tickets_sorting.TestPostFilterTicketsSorting" name="test_filter_invalid_sort_defaults" time="0.140" /><testcase classname="backend.tests.test_tickets_sorting.TestSortFieldWhitelist" name="test_all_sort_fields_accepted[created_at]" time="0.120" /><testcase classname="backend.tests.test_tickets_sorting.TestSortFieldWhitelist" name="test_all_sort_fields_accepted[updated_at]" time="0.123" /><testcase classname="backend.tests.test_tickets_sorting.TestSortFieldWhitelist" name="test_all_sort_fields_accepted[last_message_at]" time="0.150" /><testcase classname="backend.tests.test_tickets_sorting.TestSortFieldWhitelist" name="test_all_sort_fields_accepted[last_customer_message_at]" time="0.189" /><testcase classname="backend.tests.test_tickets_sorting.TestSortFieldWhitelist" name="test_all_sort_fields_accepted[last_agent_message_at]" time="0.213" /><testcase classname="backend.tests.test_tickets_sorting.TestSortFieldWhitelist" name="test_all_sort_fields_accepted[priority]" time="0.138" /><testcase classname="backend.tests.test_tickets_sorting.TestSortFieldWhitelist" name="test_all_sort_fields_accepted[status]" time="0.122" /><testcase classname="backend.tests.test_tickets_sorting.TestSortFieldWhitelist" name="test_all_sort_fields_accepted[escalation_level]" time="0.126" /></testsuite></testsuites>