<?xml version="1.0" encoding="utf-8"?><testsuites name="pytest tests"><testsuite name="pytest" errors="0" failures="0" skipped="0" tests="12" time="1.330" timestamp="2026-03-02T11:47:26.016387+00:00" hostname="agent-env-9d293ebe-fc60-4518-86fa-4c452f42b949"><testcase classname="backend.tests.test_portal_help_topics.TestPortalHelpTopicsAPI" name="test_list_help_topics_returns_200" time="0.152" /><testcase classname="backend.tests.test_portal_help_topics.TestPortalHelpTopicsAPI" name="test_list_help_topics_has_expected_structure" time="0.100" /><testcase classname="backend.tests.test_portal_help_topics.TestPortalHelpTopicsAPI" name="test_list_help_topics_sections_have_articles" time="0.098" /><testcase classname="backend.tests.test_portal_help_topics.TestPortalHelpTopicsAPI" name="test_get_single_topic_returns_200" time="0.111" /><testcase classname="backend.tests.test_portal_help_topics.TestPortalHelpTopicsAPI" name="test_get_single_topic_has_full_structure" time="0.106" /><testcase classname="backend.tests.test_portal_help_topics.TestPortalHelpTopicsAPI" name="test_get_nonexistent_topic_returns_404" time="0.103" /><testcase classname="backend.tests.test_portal_help_topics.TestPortalHelpTopicsAPI" name="test_article_count_matches_actual_count" time="0.097" /><testcase classname="backend.tests.test_portal_help_topics.TestPortalCategoriesAPI" name="test_list_categories_returns_200" time="0.110" /><testcase classname="backend.tests.test_portal_help_topics.TestPortalCategoriesAPI" name="test_list_categories_has_data" time="0.103" /><testcase classname="backend.tests.test_portal_help_topics.TestPortalCategoriesAPI" name="test_category_structure" time="0.099" /><testcase classname="backend.tests.test_portal_help_topics.TestPortalCategoriesAPI" name="test_get_single_category_returns_200" time="0.100" /><testcase classname="backend.tests.test_portal_help_topics.TestKBArticlesForPortal" name="test_kb_articles_by_nav_group" time="0.100" /></testsuite></testsuites>