<?xml version="1.0" encoding="utf-8"?><testsuites name="pytest tests"><testsuite name="pytest" errors="0" failures="1" skipped="0" tests="29" time="1.422" timestamp="2026-02-12T04:46:16.794369+00:00" hostname="agent-env-30586455-73e6-42d0-bad2-47cf4ad4e90b"><testcase classname="tests.test_phase2_refactoring_regression.TestHealthCheck" name="test_health_endpoint" time="0.042" /><testcase classname="tests.test_phase2_refactoring_regression.TestAuthentication" name="test_auth_me_with_session_cookie" time="0.038" /><testcase classname="tests.test_phase2_refactoring_regression.TestAuthentication" name="test_auth_without_session_returns_401" time="0.040" /><testcase classname="tests.test_phase2_refactoring_regression.TestTickets" name="test_get_tickets_paginated" time="0.044" /><testcase classname="tests.test_phase2_refactoring_regression.TestTickets" name="test_get_tickets_with_status_filter" time="0.054" /><testcase classname="tests.test_phase2_refactoring_regression.TestUsers" name="test_get_users_paginated" time="0.038" /><testcase classname="tests.test_phase2_refactoring_regression.TestFilterRoutes" name="test_filter_tickets_with_status" time="0.038" /><testcase classname="tests.test_phase2_refactoring_regression.TestFilterRoutes" name="test_get_filter_fields" time="0.036" /><testcase classname="tests.test_phase2_refactoring_regression.TestInboxCRUD" name="test_get_inboxes" time="0.036" /><testcase classname="tests.test_phase2_refactoring_regression.TestInboxCRUD" name="test_inbox_crud_lifecycle" time="0.140" /><testcase classname="tests.test_phase2_refactoring_regression.TestCannedResponses" name="test_get_canned_responses" time="0.040" /><testcase classname="tests.test_phase2_refactoring_regression.TestCannedResponses" name="test_canned_responses_crud" time="0.056" /><testcase classname="tests.test_phase2_refactoring_regression.TestWebhooks" name="test_get_webhook_events" time="0.035" /><testcase classname="tests.test_phase2_refactoring_regression.TestCustomers" name="test_get_customers" time="0.039" /><testcase classname="tests.test_phase2_refactoring_regression.TestCustomers" name="test_get_customers_with_search" time="0.078" /><testcase classname="tests.test_phase2_refactoring_regression.TestCSATAnalytics" name="test_get_csat_analytics" time="0.034" /><testcase classname="tests.test_phase2_refactoring_regression.TestAnalytics" name="test_get_analytics_summary" time="0.034" /><testcase classname="tests.test_phase2_refactoring_regression.TestAdminAutoClose" name="test_get_auto_close_status" time="0.042" /><testcase classname="tests.test_phase2_refactoring_regression.TestBulkUpdate" name="test_bulk_update_endpoint_exists" time="0.075"><failure message="assert 400 == 200&#10; +  where 400 = &lt;Response [400]&gt;.status_code">tests/test_phase2_refactoring_regression.py:431: in test_bulk_update_endpoint_exists
    assert response.status_code == 200
E   assert 400 == 200
E    +  where 400 = &lt;Response [400]&gt;.status_code</failure></testcase><testcase classname="tests.test_phase2_refactoring_regression.TestNotifications" name="test_get_notifications" time="0.036" /><testcase classname="tests.test_phase2_refactoring_regression.TestTeams" name="test_get_teams" time="0.034" /><testcase classname="tests.test_phase2_refactoring_regression.TestImportVerification" name="test_database_module_working" time="0.036" /><testcase classname="tests.test_phase2_refactoring_regression.TestImportVerification" name="test_dependencies_module_working" time="0.035" /><testcase classname="tests.test_phase2_refactoring_regression.TestImportVerification" name="test_utils_module_working" time="0.034" /><testcase classname="tests.test_phase2_refactoring_regression.TestImportVerification" name="test_filters_router_working" time="0.041" /><testcase classname="tests.test_phase2_refactoring_regression.TestImportVerification" name="test_canned_responses_router_working" time="0.031" /><testcase classname="tests.test_phase2_refactoring_regression.TestImportVerification" name="test_webhooks_router_working" time="0.034" /><testcase classname="tests.test_phase2_refactoring_regression.TestImportVerification" name="test_customers_router_working" time="0.036" /><testcase classname="tests.test_phase2_refactoring_regression.TestImportVerification" name="test_csat_router_working" time="0.036" /></testsuite></testsuites>