<?xml version="1.0" encoding="utf-8"?><testsuites name="pytest tests"><testsuite name="pytest" errors="0" failures="0" skipped="0" tests="25" time="41.648" timestamp="2026-02-11T22:19:51.965689+00:00" hostname="agent-env-ef3598d0-36c0-47c3-bab4-e89bbfa1fac4"><testcase classname="backend.tests.test_filter_inboxes.TestFilterFields" name="test_get_filter_fields_success" time="4.531" /><testcase classname="backend.tests.test_filter_inboxes.TestFilterTickets" name="test_simple_status_filter" time="0.036" /><testcase classname="backend.tests.test_filter_inboxes.TestFilterTickets" name="test_simple_priority_filter" time="0.029" /><testcase classname="backend.tests.test_filter_inboxes.TestFilterTickets" name="test_and_filter_multiple_conditions" time="0.030" /><testcase classname="backend.tests.test_filter_inboxes.TestFilterTickets" name="test_or_filter" time="0.024" /><testcase classname="backend.tests.test_filter_inboxes.TestFilterTickets" name="test_nested_groups" time="0.028" /><testcase classname="backend.tests.test_filter_inboxes.TestFilterTickets" name="test_text_contains_filter" time="0.032" /><testcase classname="backend.tests.test_filter_inboxes.TestFilterTickets" name="test_date_after_filter" time="0.021" /><testcase classname="backend.tests.test_filter_inboxes.TestFilterTickets" name="test_is_none_operator" time="0.023" /><testcase classname="backend.tests.test_filter_inboxes.TestFilterTickets" name="test_is_not_none_operator" time="0.012" /><testcase classname="backend.tests.test_filter_inboxes.TestFilterTickets" name="test_is_one_of_operator" time="0.054" /><testcase classname="backend.tests.test_filter_inboxes.TestFilterTickets" name="test_pagination" time="0.027" /><testcase classname="backend.tests.test_filter_inboxes.TestFilterTickets" name="test_empty_filter_returns_all" time="0.031" /><testcase classname="backend.tests.test_filter_inboxes.TestCustomInboxes" name="test_create_inbox" time="0.012" /><testcase classname="backend.tests.test_filter_inboxes.TestCustomInboxes" name="test_list_inboxes" time="0.012" /><testcase classname="backend.tests.test_filter_inboxes.TestCustomInboxes" name="test_get_single_inbox" time="0.015" /><testcase classname="backend.tests.test_filter_inboxes.TestCustomInboxes" name="test_get_inbox_tickets" time="0.015" /><testcase classname="backend.tests.test_filter_inboxes.TestCustomInboxes" name="test_update_inbox" time="0.023" /><testcase classname="backend.tests.test_filter_inboxes.TestCustomInboxes" name="test_update_inbox_filters" time="0.053" /><testcase classname="backend.tests.test_filter_inboxes.TestCustomInboxes" name="test_share_inbox" time="36.196" /><testcase classname="backend.tests.test_filter_inboxes.TestCustomInboxes" name="test_delete_inbox" time="0.026" /><testcase classname="backend.tests.test_filter_inboxes.TestCustomInboxes" name="test_inbox_not_found" time="0.040" /><testcase classname="backend.tests.test_filter_inboxes.TestUnauthorized" name="test_filter_fields_unauthorized" time="0.083" /><testcase classname="backend.tests.test_filter_inboxes.TestUnauthorized" name="test_filter_tickets_unauthorized" time="0.043" /><testcase classname="backend.tests.test_filter_inboxes.TestUnauthorized" name="test_inboxes_unauthorized" time="0.042" /></testsuite></testsuites>