<?xml version="1.0" encoding="utf-8"?><testsuites name="pytest tests"><testsuite name="pytest" errors="0" failures="0" skipped="0" tests="8" time="1.580" timestamp="2026-02-23T10:39:25.903163+00:00" hostname="agent-env-438a372e-1f1e-4079-98f1-1715842aacb6"><testcase classname="backend.tests.test_search_get_endpoint.TestSearchGetEndpoint" name="test_get_search_hesenli_returns_tickets" time="0.242" /><testcase classname="backend.tests.test_search_get_endpoint.TestSearchGetEndpoint" name="test_get_search_ticket_id_returns_specific_ticket" time="0.295" /><testcase classname="backend.tests.test_search_get_endpoint.TestSearchGetEndpoint" name="test_get_search_refund_returns_tickets" time="0.210" /><testcase classname="backend.tests.test_search_get_endpoint.TestSearchGetEndpoint" name="test_post_search_backward_compatibility" time="0.184" /><testcase classname="backend.tests.test_search_get_endpoint.TestSearchGetEndpoint" name="test_get_search_without_auth_returns_401" time="0.109" /><testcase classname="backend.tests.test_search_get_endpoint.TestSearchGetEndpoint" name="test_get_search_suggestions_works" time="0.137" /><testcase classname="backend.tests.test_search_get_endpoint.TestSearchGetEndpoint" name="test_get_search_with_type_filter" time="0.147" /><testcase classname="backend.tests.test_search_get_endpoint.TestSearchGetEndpoint" name="test_get_search_response_structure" time="0.193" /></testsuite></testsuites>