<?xml version="1.0" encoding="utf-8"?><testsuites name="pytest tests"><testsuite name="pytest" errors="0" failures="0" skipped="0" tests="16" time="2.648" timestamp="2026-02-16T22:12:55.349939+00:00" hostname="agent-env-27fa731b-1ab4-44ad-8da8-57e8224498bd"><testcase classname="backend.tests.test_kb_docs_api.TestKBNavigation" name="test_get_navigation_returns_5_groups" time="0.208" /><testcase classname="backend.tests.test_kb_docs_api.TestKBArticlesList" name="test_get_all_articles_returns_21_without_content" time="0.265" /><testcase classname="backend.tests.test_kb_docs_api.TestKBArticlesList" name="test_filter_articles_by_nav_group" time="0.122" /><testcase classname="backend.tests.test_kb_docs_api.TestKBArticlesList" name="test_filter_articles_by_section" time="0.149" /><testcase classname="backend.tests.test_kb_docs_api.TestKBArticleDetail" name="test_get_welcome_article_full_content" time="0.155" /><testcase classname="backend.tests.test_kb_docs_api.TestKBArticleDetail" name="test_get_article_with_prev_next_navigation" time="0.127" /><testcase classname="backend.tests.test_kb_docs_api.TestKBArticleDetail" name="test_get_middle_article_has_both_prev_next" time="0.149" /><testcase classname="backend.tests.test_kb_docs_api.TestKBArticleDetail" name="test_get_nonexistent_article_returns_404" time="0.142" /><testcase classname="backend.tests.test_kb_docs_api.TestKBArticleDetail" name="test_get_deployment_types_article_long_content" time="0.174" /><testcase classname="backend.tests.test_kb_docs_api.TestKBSearch" name="test_search_returns_matching_articles" time="0.110" /><testcase classname="backend.tests.test_kb_docs_api.TestKBSearch" name="test_search_short_query_returns_empty" time="0.118" /><testcase classname="backend.tests.test_kb_docs_api.TestKBSearch" name="test_search_empty_query_returns_empty" time="0.145" /><testcase classname="backend.tests.test_kb_docs_api.TestKBSearch" name="test_search_case_insensitive" time="0.285" /><testcase classname="backend.tests.test_kb_docs_api.TestKBArticleStructure" name="test_article_list_has_required_fields" time="0.148" /><testcase classname="backend.tests.test_kb_docs_api.TestKBArticleStructure" name="test_articles_sorted_by_order" time="0.144" /><testcase classname="backend.tests.test_kb_docs_api.TestKBPortalDocsLink" name="test_portal_home_still_works" time="0.126" /></testsuite></testsuites>