<?xml version="1.0" encoding="utf-8"?><testsuites name="pytest tests"><testsuite name="pytest" errors="0" failures="0" skipped="0" tests="49" time="8.532" timestamp="2026-02-17T08:31:27.697928+00:00" hostname="agent-env-a69a9ac6-52ef-4dbf-a5e7-8ef28a23cd1e"><testcase classname="backend.tests.test_comprehensive_qa.TestKBPublicData" name="test_ak1_public_data_returns_200" time="0.269" /><testcase classname="backend.tests.test_comprehensive_qa.TestKBPublicData" name="test_ak2_response_has_required_fields" time="0.298" /><testcase classname="backend.tests.test_comprehensive_qa.TestKBPublicData" name="test_ak3_navigation_has_5_tabs" time="0.115" /><testcase classname="backend.tests.test_comprehensive_qa.TestKBPublicData" name="test_ak4_tabs_have_required_fields" time="0.143" /><testcase classname="backend.tests.test_comprehensive_qa.TestKBPublicData" name="test_ak5_groups_have_pages" time="0.135" /><testcase classname="backend.tests.test_comprehensive_qa.TestKBPublicData" name="test_ak6_pages_have_slug_and_title" time="0.133" /><testcase classname="backend.tests.test_comprehensive_qa.TestKBPublicData" name="test_ak7_documents_count" time="0.136" /><testcase classname="backend.tests.test_comprehensive_qa.TestKBPublicData" name="test_ak8_documents_have_required_fields" time="0.187" /><testcase classname="backend.tests.test_comprehensive_qa.TestKBPublicData" name="test_ak9_navbar_has_support_link" time="0.227" /><testcase classname="backend.tests.test_comprehensive_qa.TestKBPublicData" name="test_ak10_navbar_has_primary_cta" time="0.140" /><testcase classname="backend.tests.test_comprehensive_qa.TestKBArticlesAPI" name="test_ak11_articles_list" time="0.113" /><testcase classname="backend.tests.test_comprehensive_qa.TestKBArticlesAPI" name="test_ak12_articles_by_slug" time="0.191" /><testcase classname="backend.tests.test_comprehensive_qa.TestKBArticlesAPI" name="test_ak13_nonexistent_article_404" time="0.113" /><testcase classname="backend.tests.test_comprehensive_qa.TestKBArticlesAPI" name="test_ak14_search_returns_results" time="0.113" /><testcase classname="backend.tests.test_comprehensive_qa.TestKBArticlesAPI" name="test_ak15_navigation_endpoint" time="0.109" /><testcase classname="backend.tests.test_comprehensive_qa.TestPortalCategories" name="test_ap1_categories_list" time="0.218" /><testcase classname="backend.tests.test_comprehensive_qa.TestPortalCategories" name="test_ap2_categories_have_required_fields" time="0.140" /><testcase classname="backend.tests.test_comprehensive_qa.TestPortalCategories" name="test_ap3_category_by_slug" time="0.166" /><testcase classname="backend.tests.test_comprehensive_qa.TestPortalCategories" name="test_ap4_nonexistent_category_404" time="0.159" /><testcase classname="backend.tests.test_comprehensive_qa.TestPortalAuth" name="test_ap5_register_customer" time="0.399" /><testcase classname="backend.tests.test_comprehensive_qa.TestPortalAuth" name="test_ap6_register_duplicate_fails" time="0.101" /><testcase classname="backend.tests.test_comprehensive_qa.TestPortalAuth" name="test_ap7_login_valid_credentials" time="0.353" /><testcase classname="backend.tests.test_comprehensive_qa.TestPortalAuth" name="test_ap8_login_wrong_password" time="0.371" /><testcase classname="backend.tests.test_comprehensive_qa.TestPortalAuth" name="test_ap9_get_me_with_token" time="0.106" /><testcase classname="backend.tests.test_comprehensive_qa.TestPortalAuth" name="test_ap10_get_me_without_token" time="0.246" /><testcase classname="backend.tests.test_comprehensive_qa.TestPortalTickets" name="test_ap11_create_ticket_auth_required" time="0.713" /><testcase classname="backend.tests.test_comprehensive_qa.TestPortalTickets" name="test_ap12_create_ticket_without_auth" time="0.162" /><testcase classname="backend.tests.test_comprehensive_qa.TestPortalTickets" name="test_ap13_list_tickets_auth_required" time="0.141" /><testcase classname="backend.tests.test_comprehensive_qa.TestPortalTickets" name="test_ap14_get_ticket_detail" time="0.107" /><testcase classname="backend.tests.test_comprehensive_qa.TestPortalTickets" name="test_ap15_reply_to_ticket" time="0.137" /><testcase classname="backend.tests.test_comprehensive_qa.TestPortalTickets" name="test_ap16_reply_type_is_customer_reply" time="0.116" /><testcase classname="backend.tests.test_comprehensive_qa.TestPortalTickets" name="test_ap17_ticket_updated_after_reply" time="0.117" /><testcase classname="backend.tests.test_comprehensive_qa.TestPortalTickets" name="test_ap18_logout" time="0.105" /><testcase classname="backend.tests.test_comprehensive_qa.TestKBAdminAuth" name="test_admin_articles_requires_auth" time="0.124" /><testcase classname="backend.tests.test_comprehensive_qa.TestKBAdminAuth" name="test_admin_create_article_requires_auth" time="0.100" /><testcase classname="backend.tests.test_comprehensive_qa.TestKBAdminAuth" name="test_admin_update_article_requires_auth" time="0.104" /><testcase classname="backend.tests.test_comprehensive_qa.TestKBAdminAuth" name="test_admin_delete_article_requires_auth" time="0.096" /><testcase classname="backend.tests.test_comprehensive_qa.TestPortalAdminAuth" name="test_admin_create_category_requires_auth" time="0.133" /><testcase classname="backend.tests.test_comprehensive_qa.TestPortalAdminAuth" name="test_admin_update_category_requires_auth" time="0.142" /><testcase classname="backend.tests.test_comprehensive_qa.TestPortalAdminAuth" name="test_admin_delete_category_requires_auth" time="0.160" /><testcase classname="backend.tests.test_comprehensive_qa.TestKBTabMapping" name="test_beginners_guide_first_article" time="0.125" /><testcase classname="backend.tests.test_comprehensive_qa.TestKBTabMapping" name="test_features_first_article" time="0.143" /><testcase classname="backend.tests.test_comprehensive_qa.TestKBTabMapping" name="test_building_your_app_first_article" time="0.167" /><testcase classname="backend.tests.test_comprehensive_qa.TestKBTabMapping" name="test_deploy_and_manage_first_article" time="0.120" /><testcase classname="backend.tests.test_comprehensive_qa.TestKBTabMapping" name="test_troubleshooting_first_article" time="0.130" /><testcase classname="backend.tests.test_comprehensive_qa.TestKBSearch" name="test_search_min_2_chars" time="0.105" /><testcase classname="backend.tests.test_comprehensive_qa.TestKBSearch" name="test_search_voice_returns_results" time="0.109" /><testcase classname="backend.tests.test_comprehensive_qa.TestKBSearch" name="test_search_emergent_returns_many" time="0.262" /><testcase classname="backend.tests.test_comprehensive_qa.TestKBSearch" name="test_search_nonexistent" time="0.120" /></testsuite></testsuites>