<?xml version="1.0" encoding="utf-8"?><testsuites name="pytest tests"><testsuite name="pytest" errors="0" failures="0" skipped="0" tests="27" time="4.901" timestamp="2026-02-15T21:17:10.616136+00:00" hostname="agent-env-d125a778-52dd-46ef-82be-a1f7d36dbef5"><testcase classname="backend.tests.test_portal_customer_portal.TestPublicCategories" name="test_list_categories_returns_10_categories" time="0.215" /><testcase classname="backend.tests.test_portal_customer_portal.TestPublicCategories" name="test_get_credits_pricing_category" time="0.063" /><testcase classname="backend.tests.test_portal_customer_portal.TestPublicCategories" name="test_get_nonexistent_category_returns_404" time="0.063" /><testcase classname="backend.tests.test_portal_customer_portal.TestCustomerAuth" name="test_login_existing_customer" time="0.297" /><testcase classname="backend.tests.test_portal_customer_portal.TestCustomerAuth" name="test_login_invalid_credentials_returns_401" time="0.314" /><testcase classname="backend.tests.test_portal_customer_portal.TestCustomerAuth" name="test_login_nonexistent_user_returns_401" time="0.126" /><testcase classname="backend.tests.test_portal_customer_portal.TestCustomerAuth" name="test_register_new_customer" time="0.314" /><testcase classname="backend.tests.test_portal_customer_portal.TestCustomerAuth" name="test_register_duplicate_email_returns_409" time="0.098" /><testcase classname="backend.tests.test_portal_customer_portal.TestCustomerAuth" name="test_register_short_password_returns_400" time="0.116" /><testcase classname="backend.tests.test_portal_customer_portal.TestCustomerAuth" name="test_get_me_with_valid_token" time="0.363" /><testcase classname="backend.tests.test_portal_customer_portal.TestCustomerAuth" name="test_get_me_without_token_returns_401" time="0.065" /><testcase classname="backend.tests.test_portal_customer_portal.TestCustomerAuth" name="test_logout_invalidates_session" time="0.640" /><testcase classname="backend.tests.test_portal_customer_portal.TestCustomerTickets" name="test_list_my_tickets" time="0.230" /><testcase classname="backend.tests.test_portal_customer_portal.TestCustomerTickets" name="test_list_tickets_without_auth_returns_401" time="0.076" /><testcase classname="backend.tests.test_portal_customer_portal.TestCustomerTickets" name="test_submit_ticket_and_verify" time="0.129" /><testcase classname="backend.tests.test_portal_customer_portal.TestCustomerTickets" name="test_submit_ticket_without_auth_returns_401" time="0.074" /><testcase classname="backend.tests.test_portal_customer_portal.TestCustomerTickets" name="test_get_ticket_detail_with_messages" time="0.153" /><testcase classname="backend.tests.test_portal_customer_portal.TestCustomerTickets" name="test_get_nonexistent_ticket_returns_404" time="0.072" /><testcase classname="backend.tests.test_portal_customer_portal.TestCustomerTickets" name="test_reply_to_ticket" time="0.238" /><testcase classname="backend.tests.test_portal_customer_portal.TestCustomerTickets" name="test_reply_to_nonexistent_ticket_returns_404" time="0.069" /><testcase classname="backend.tests.test_portal_customer_portal.TestCustomerTickets" name="test_filter_tickets_by_status" time="0.094" /><testcase classname="backend.tests.test_portal_customer_portal.TestAdminCategoryManagement" name="test_create_category_as_admin" time="0.211" /><testcase classname="backend.tests.test_portal_customer_portal.TestAdminCategoryManagement" name="test_create_category_without_admin_returns_401" time="0.059" /><testcase classname="backend.tests.test_portal_customer_portal.TestAdminCategoryManagement" name="test_update_category_as_admin" time="0.298" /><testcase classname="backend.tests.test_portal_customer_portal.TestAdminCategoryManagement" name="test_delete_category_as_admin" time="0.231" /><testcase classname="backend.tests.test_portal_customer_portal.TestAdminCategoryManagement" name="test_delete_nonexistent_category_returns_404" time="0.123" /><testcase classname="backend.tests.test_portal_customer_portal.TestExistingTicket" name="test_get_existing_ticket" time="0.073" /></testsuite></testsuites>