<?xml version="1.0" encoding="utf-8"?><testsuites name="pytest tests"><testsuite name="pytest" errors="0" failures="0" skipped="0" tests="9" time="137.117" timestamp="2026-02-11T19:26:40.828514+00:00" hostname="agent-env-ef3598d0-36c0-47c3-bab4-e89bbfa1fac4"><testcase classname="backend.tests.test_imap_uid_sync.TestHealthCheck" name="test_health_endpoint_returns_healthy" time="0.104" /><testcase classname="backend.tests.test_imap_uid_sync.TestImapSyncStateCollection" name="test_sync_state_exists_in_mongodb" time="10.844" /><testcase classname="backend.tests.test_imap_uid_sync.TestEmailSyncStatus" name="test_email_status_returns_sync_state" time="10.820" /><testcase classname="backend.tests.test_imap_uid_sync.TestManualEmailSync" name="test_manual_sync_uses_uid_tracking" time="31.725" /><testcase classname="backend.tests.test_imap_uid_sync.TestManualEmailSync" name="test_sync_without_auth_fails" time="0.134" /><testcase classname="backend.tests.test_imap_uid_sync.TestDedupProtection" name="test_dedup_prevents_duplicate_tickets" time="62.509" /><testcase classname="backend.tests.test_imap_uid_sync.TestEmailRepliesIndex" name="test_email_replies_unique_index_exists" time="20.837" /><testcase classname="backend.tests.test_imap_uid_sync.TestAuthenticationEndpoint" name="test_auth_me_with_session" time="0.054" /><testcase classname="backend.tests.test_imap_uid_sync.TestTicketsEndpoint" name="test_tickets_endpoint_works" time="0.023" /></testsuite></testsuites>