<?xml version="1.0" encoding="utf-8"?><testsuites name="pytest tests"><testsuite name="pytest" errors="0" failures="0" skipped="0" tests="30" time="8.011" timestamp="2026-02-16T10:14:11.657300+00:00" hostname="agent-env-27fa731b-1ab4-44ad-8da8-57e8224498bd"><testcase classname="backend.tests.test_portal_thorough_qa.TestAdminCategoryCRUD" name="test_01_admin_create_category_all_fields" time="0.394" /><testcase classname="backend.tests.test_portal_thorough_qa.TestAdminCategoryCRUD" name="test_02_admin_create_duplicate_slug_409" time="0.167" /><testcase classname="backend.tests.test_portal_thorough_qa.TestAdminCategoryCRUD" name="test_03_admin_create_unauthenticated_401" time="0.163" /><testcase classname="backend.tests.test_portal_thorough_qa.TestAdminCategoryCRUD" name="test_04_admin_update_all_fields" time="0.165" /><testcase classname="backend.tests.test_portal_thorough_qa.TestAdminCategoryCRUD" name="test_05_admin_update_slug_rename" time="0.406" /><testcase classname="backend.tests.test_portal_thorough_qa.TestAdminCategoryCRUD" name="test_06_admin_update_slug_conflict_409" time="0.125" /><testcase classname="backend.tests.test_portal_thorough_qa.TestAdminCategoryCRUD" name="test_07_admin_update_nonexistent_404" time="0.127" /><testcase classname="backend.tests.test_portal_thorough_qa.TestAdminCategoryCRUD" name="test_08_admin_delete_and_verify" time="0.254" /><testcase classname="backend.tests.test_portal_thorough_qa.TestAdminCategoryCRUD" name="test_09_admin_delete_nonexistent_404" time="0.147" /><testcase classname="backend.tests.test_portal_thorough_qa.TestPublicCategories" name="test_01_get_all_categories_with_help_articles" time="0.131" /><testcase classname="backend.tests.test_portal_thorough_qa.TestPublicCategories" name="test_02_get_single_category_with_help_articles" time="0.142" /><testcase classname="backend.tests.test_portal_thorough_qa.TestPublicCategories" name="test_03_get_category_404" time="0.256" /><testcase classname="backend.tests.test_portal_thorough_qa.TestPortalCustomerAuth" name="test_01_register_success" time="0.388" /><testcase classname="backend.tests.test_portal_thorough_qa.TestPortalCustomerAuth" name="test_02_register_duplicate_email_409" time="0.479" /><testcase classname="backend.tests.test_portal_thorough_qa.TestPortalCustomerAuth" name="test_03_register_short_password_400" time="0.127" /><testcase classname="backend.tests.test_portal_thorough_qa.TestPortalCustomerAuth" name="test_04_login_success" time="0.707" /><testcase classname="backend.tests.test_portal_thorough_qa.TestPortalCustomerAuth" name="test_05_login_invalid_email_401" time="0.152" /><testcase classname="backend.tests.test_portal_thorough_qa.TestPortalCustomerAuth" name="test_06_login_wrong_password_401" time="0.351" /><testcase classname="backend.tests.test_portal_thorough_qa.TestPortalCustomerAuth" name="test_07_get_me_authenticated" time="0.132" /><testcase classname="backend.tests.test_portal_thorough_qa.TestPortalCustomerAuth" name="test_08_get_me_no_auth_401" time="0.134" /><testcase classname="backend.tests.test_portal_thorough_qa.TestCustomerTickets" name="test_01_get_tickets_401_without_auth" time="0.124" /><testcase classname="backend.tests.test_portal_thorough_qa.TestCustomerTickets" name="test_02_submit_ticket_authenticated" time="0.470" /><testcase classname="backend.tests.test_portal_thorough_qa.TestCustomerTickets" name="test_03_get_my_tickets" time="0.195" /><testcase classname="backend.tests.test_portal_thorough_qa.TestCustomerTickets" name="test_04_get_my_tickets_with_status_filter" time="0.173" /><testcase classname="backend.tests.test_portal_thorough_qa.TestCustomerTickets" name="test_05_get_ticket_detail_with_messages" time="0.125" /><testcase classname="backend.tests.test_portal_thorough_qa.TestCustomerTickets" name="test_06_get_another_customers_ticket_404" time="0.129" /><testcase classname="backend.tests.test_portal_thorough_qa.TestCustomerTickets" name="test_07_reply_to_ticket" time="0.254" /><testcase classname="backend.tests.test_portal_thorough_qa.TestCustomerTickets" name="test_08_reply_to_nonexistent_ticket_404" time="0.124" /><testcase classname="backend.tests.test_portal_thorough_qa.TestHelpArticlesVerification" name="test_verify_help_articles_structure" time="0.437" /><testcase classname="backend.tests.test_portal_thorough_qa.TestCrossFeature" name="test_full_category_lifecycle" time="0.928" /></testsuite></testsuites>