<?xml version="1.0" encoding="utf-8"?><testsuites name="pytest tests"><testsuite name="pytest" errors="0" failures="0" skipped="0" tests="13" time="110.382" timestamp="2026-02-11T21:28:39.653989+00:00" hostname="agent-env-ef3598d0-36c0-47c3-bab4-e89bbfa1fac4"><testcase classname="tests.test_imap_idle.TestBackendHealth" name="test_health_endpoint_returns_healthy" time="5.579" /><testcase classname="tests.test_imap_idle.TestImapIdleWatcherRunning" name="test_idle_watcher_logs_present" time="0.006" /><testcase classname="tests.test_imap_idle.TestEmailStatusEndpoint" name="test_email_status_returns_idle_mode" time="10.855" /><testcase classname="tests.test_imap_idle.TestManualSyncEndpoint" name="test_manual_sync_with_uid_tracking" time="51.865" /><testcase classname="tests.test_imap_idle.TestManualSyncEndpoint" name="test_sync_requires_authentication" time="0.086" /><testcase classname="tests.test_imap_idle.TestUidStatePersistence" name="test_uid_state_persisted_in_mongodb" time="0.072" /><testcase classname="tests.test_imap_idle.TestDedupProtection" name="test_duplicate_emails_not_reprocessed" time="41.676" /><testcase classname="tests.test_imap_idle.TestDedupProtection" name="test_message_id_dedup_check" time="0.004" /><testcase classname="tests.test_imap_idle.TestSocketIOBroadcast" name="test_socketio_endpoint_accessible" time="0.051" /><testcase classname="tests.test_imap_idle.TestSocketIOBroadcast" name="test_broadcast_functions_exist_in_realtime_module" time="0.108" /><testcase classname="tests.test_imap_idle.TestIdleWatcherIntegration" name="test_email_sync_state_after_idle_start" time="0.004" /><testcase classname="tests.test_imap_idle.TestIdleWatcherIntegration" name="test_tickets_from_email_source_exist" time="0.003" /><testcase classname="tests.test_imap_idle.TestIMAPClientLibrary" name="test_imapclient_available" time="0.010" /></testsuite></testsuites>