<?xml version="1.0" encoding="utf-8"?><testsuites name="pytest tests"><testsuite name="pytest" errors="0" failures="0" skipped="0" tests="12" time="2.310" timestamp="2026-02-17T21:09:03.505800+00:00" hostname="agent-env-a0eea7d3-364f-4b5d-a391-7d2c83d8f100"><testcase classname="backend.tests.test_portal_homepage.TestPortalInquiriesAPI" name="test_partner_inquiry_creates_ticket" time="0.233" /><testcase classname="backend.tests.test_portal_homepage.TestPortalInquiriesAPI" name="test_sales_inquiry_creates_ticket" time="0.161" /><testcase classname="backend.tests.test_portal_homepage.TestPortalInquiriesAPI" name="test_engineer_inquiry_creates_ticket" time="0.192" /><testcase classname="backend.tests.test_portal_homepage.TestPortalInquiriesAPI" name="test_inquiry_requires_name" time="0.163" /><testcase classname="backend.tests.test_portal_homepage.TestPortalInquiriesAPI" name="test_inquiry_requires_email" time="0.208" /><testcase classname="backend.tests.test_portal_homepage.TestPortalInquiriesAPI" name="test_inquiry_requires_type" time="0.331" /><testcase classname="backend.tests.test_portal_homepage.TestEngineerPlansAPI" name="test_get_engineer_plans_returns_active_plans" time="0.146" /><testcase classname="backend.tests.test_portal_homepage.TestEngineerPlansAPI" name="test_engineer_plan_structure" time="0.136" /><testcase classname="backend.tests.test_portal_homepage.TestPortalCategoriesAPI" name="test_get_categories_returns_list" time="0.152" /><testcase classname="backend.tests.test_portal_homepage.TestPortalCategoriesAPI" name="test_category_structure" time="0.253" /><testcase classname="backend.tests.test_portal_homepage.TestPortalCategoriesAPI" name="test_get_single_category" time="0.130" /><testcase classname="backend.tests.test_portal_homepage.TestPortalCategoriesAPI" name="test_get_nonexistent_category_returns_404" time="0.144" /></testsuite></testsuites>