<?xml version="1.0" encoding="utf-8"?><testsuites name="pytest tests"><testsuite name="pytest" errors="0" failures="2" skipped="0" tests="19" time="3.471" timestamp="2026-02-17T09:06:31.874010+00:00" hostname="agent-env-a69a9ac6-52ef-4dbf-a5e7-8ef28a23cd1e"><testcase classname="tests.test_kb_content_reimport.TestKBPublicData" name="test_ba1_public_data_returns_46_documents" time="0.398" /><testcase classname="tests.test_kb_content_reimport.TestKBPublicData" name="test_ba2_welcome_document_has_iframe" time="0.158" /><testcase classname="tests.test_kb_content_reimport.TestKBPublicData" name="test_ba3_welcome_document_has_columns_and_cards" time="0.303" /><testcase classname="tests.test_kb_content_reimport.TestKBPublicData" name="test_ba4_all_tab_pages_have_icons" time="0.139"><failure message="AssertionError: Pages without icons: ['custom-domains']&#10;assert 1 == 0&#10; +  where 1 = len(['custom-domains'])">tests/test_kb_content_reimport.py:65: in test_ba4_all_tab_pages_have_icons
    assert len(pages_without_icons) == 0, f"Pages without icons: {pages_without_icons}"
E   AssertionError: Pages without icons: ['custom-domains']
E   assert 1 == 0
E    +  where 1 = len(['custom-domains'])</failure></testcase><testcase classname="tests.test_kb_content_reimport.TestKBPublicData" name="test_ba5_navigation_has_5_tabs" time="0.341" /><testcase classname="tests.test_kb_content_reimport.TestKBPublicData" name="test_ba6_articles_endpoint_returns_46" time="0.101" /><testcase classname="tests.test_kb_content_reimport.TestKBPublicData" name="test_ba7_welcome_article_has_mdx_content" time="0.123" /><testcase classname="tests.test_kb_content_reimport.TestKBPublicData" name="test_ba8_agent_architecture_article_exists" time="0.389" /><testcase classname="tests.test_kb_content_reimport.TestKBPublicData" name="test_ba9_search_integration_returns_results" time="0.104" /><testcase classname="tests.test_kb_content_reimport.TestKBPublicData" name="test_ba10_admin_articles_requires_auth" time="0.118" /><testcase classname="tests.test_kb_content_reimport.TestKBContentStructure" name="test_welcome_has_proper_paragraph_separation" time="0.108" /><testcase classname="tests.test_kb_content_reimport.TestKBContentStructure" name="test_voice_mode_has_callouts" time="0.105" /><testcase classname="tests.test_kb_content_reimport.TestKBContentStructure" name="test_all_articles_have_titles" time="0.125" /><testcase classname="tests.test_kb_content_reimport.TestKBContentStructure" name="test_all_articles_have_icons" time="0.132"><failure message="AssertionError: Articles without icons: ['custom-domains']&#10;assert 1 == 0&#10; +  where 1 = len(['custom-domains'])">tests/test_kb_content_reimport.py:178: in test_all_articles_have_icons
    assert len(articles_without_icons) == 0, f"Articles without icons: {articles_without_icons}"
E   AssertionError: Articles without icons: ['custom-domains']
E   assert 1 == 0
E    +  where 1 = len(['custom-domains'])</failure></testcase><testcase classname="tests.test_kb_content_reimport.TestKBContentStructure" name="test_tab_article_counts" time="0.145" /><testcase classname="tests.test_kb_content_reimport.TestKBNavigation" name="test_prev_next_navigation" time="0.130" /><testcase classname="tests.test_kb_content_reimport.TestKBNavigation" name="test_search_voice_returns_results" time="0.161" /><testcase classname="tests.test_kb_content_reimport.TestKBNavigation" name="test_search_emergent_returns_many_results" time="0.144" /><testcase classname="tests.test_kb_content_reimport.TestPortalRegression" name="test_portal_categories_exist" time="0.149" /></testsuite></testsuites>