<?xml version="1.0" encoding="utf-8"?><testsuites name="pytest tests"><testsuite name="pytest" errors="0" failures="0" skipped="1" tests="8" time="2.891" timestamp="2026-02-17T20:36:33.807870+00:00" hostname="agent-env-a0eea7d3-364f-4b5d-a391-7d2c83d8f100"><testcase classname="backend.tests.test_kb_feedback.TestKBFeedbackSubmission" name="test_submit_helpful_feedback" time="0.185" /><testcase classname="backend.tests.test_kb_feedback.TestKBFeedbackSubmission" name="test_submit_unhelpful_feedback" time="0.122" /><testcase classname="backend.tests.test_kb_feedback.TestKBFeedbackSubmission" name="test_submit_feedback_nonexistent_article" time="0.134" /><testcase classname="backend.tests.test_kb_feedback.TestKBFeedbackRetrieval" name="test_get_feedback_stats" time="0.123" /><testcase classname="backend.tests.test_kb_feedback.TestKBFeedbackRetrieval" name="test_get_feedback_stats_article_no_feedback" time="0.155" /><testcase classname="backend.tests.test_kb_feedback.TestAdminArticlesFeedbackStats" name="test_admin_articles_includes_feedback_fields" time="0.115"><skipped type="pytest.skip" message="Admin endpoint requires Google OAuth - cannot test via curl">/app/backend/tests/test_kb_feedback.py:98: Admin endpoint requires Google OAuth - cannot test via curl</skipped></testcase><testcase classname="backend.tests.test_kb_feedback.TestFeedbackDataIntegrity" name="test_feedback_count_increments_after_submission" time="0.401" /><testcase classname="backend.tests.test_kb_feedback.TestFeedbackDataIntegrity" name="test_unhelpful_feedback_increments_correctly" time="1.595" /></testsuite></testsuites>