<?xml version="1.0" encoding="utf-8"?><testsuites name="pytest tests"><testsuite name="pytest" errors="0" failures="1" skipped="0" tests="11" time="5.897" timestamp="2026-02-17T10:25:52.450318+00:00" hostname="agent-env-4a67fdbf-6402-42a1-b5de-7094ed210f5a"><testcase classname="backend.tests.test_kb_image_upload.TestKBImageUpload" name="test_upload_image_without_auth_returns_401" time="0.231" /><testcase classname="backend.tests.test_kb_image_upload.TestKBImageUpload" name="test_list_images_without_auth_returns_401" time="0.653" /><testcase classname="backend.tests.test_kb_image_upload.TestKBImageUpload" name="test_delete_image_without_auth_returns_401" time="0.137" /><testcase classname="backend.tests.test_kb_image_upload.TestKBImageUpload" name="test_upload_png_image_success" time="0.368" /><testcase classname="backend.tests.test_kb_image_upload.TestKBImageUpload" name="test_upload_jpeg_image_success" time="2.780" /><testcase classname="backend.tests.test_kb_image_upload.TestKBImageUpload" name="test_upload_non_image_file_rejected" time="0.107" /><testcase classname="backend.tests.test_kb_image_upload.TestKBImageUpload" name="test_list_images_returns_array" time="0.417" /><testcase classname="backend.tests.test_kb_image_upload.TestKBImageUpload" name="test_public_image_access" time="0.374"><failure message="AssertionError: Should have cache control header&#10;assert 'max-age=' in 'no-store, no-cache, must-revalidate'&#10; +  where 'no-store, no-cache, must-revalidate' = get('Cache-Control', '')&#10; +    where get = {'Date': 'Tue, 17 Feb 2026 10:25:57 GMT', 'Content-Type': 'image/png', 'Content-Length': '74', 'Connection': 'keep-alive', 'Server': 'cloudflare', 'CF-Ray': '9cf4956ddda32267-ORD', 'CF-Cache-Status': 'DYNAMIC', 'Access-Control-Allow-Origin': '*', 'Cache-Control': 'no-store, no-cache, must-revalidate', 'Via': '1.1 google', 'Access-Control-Allow-Headers': '*', 'Access-Control-Allow-Methods': 'GET, POST, PUT, DELETE, OPTIONS, HEAD, PATCH', 'Access-Control-Max-Age': '300', 'x-request-id': 'e29e734a', 'Set-Cookie': '__cf_bm=RmPJ3ukCdwCVoMw2ekbl93qJioS60zWR0jeP2lNq5SY-1771323957-1.0.1.1-f4h0GG0gB1HfYjyFLQi4m9O0OZGYj7IacJ8q_NJxlZpYabbnXt_ajnykvz_7lB_HuY8QQYnWBBEELKAeC6AQonjF6AZ7ytP7VPDzoYqAURA; path=/; expires=Tue, 17-Feb-26 10:55:57 GMT; domain=.preview.emergentagent.com; HttpOnly; Secure; SameSite=None', 'Vary': 'Accept-Encoding'}.get&#10; +      where {'Date': 'Tue, 17 Feb 2026 10:25:57 GMT', 'Content-Type': 'image/png', 'Content-Length': '74', 'Connection': 'keep-alive', 'Server': 'cloudflare', 'CF-Ray': '9cf4956ddda32267-ORD', 'CF-Cache-Status': 'DYNAMIC', 'Access-Control-Allow-Origin': '*', 'Cache-Control': 'no-store, no-cache, must-revalidate', 'Via': '1.1 google', 'Access-Control-Allow-Headers': '*', 'Access-Control-Allow-Methods': 'GET, POST, PUT, DELETE, OPTIONS, HEAD, PATCH', 'Access-Control-Max-Age': '300', 'x-request-id': 'e29e734a', 'Set-Cookie': '__cf_bm=RmPJ3ukCdwCVoMw2ekbl93qJioS60zWR0jeP2lNq5SY-1771323957-1.0.1.1-f4h0GG0gB1HfYjyFLQi4m9O0OZGYj7IacJ8q_NJxlZpYabbnXt_ajnykvz_7lB_HuY8QQYnWBBEELKAeC6AQonjF6AZ7ytP7VPDzoYqAURA; path=/; expires=Tue, 17-Feb-26 10:55:57 GMT; domain=.preview.emergentagent.com; HttpOnly; Secure; SameSite=None', 'Vary': 'Accept-Encoding'} = &lt;Response [200]&gt;.headers">backend/tests/test_kb_image_upload.py:236: in test_public_image_access
    assert 'max-age=' in response.headers.get('Cache-Control', ''), "Should have cache control header"
E   AssertionError: Should have cache control header
E   assert 'max-age=' in 'no-store, no-cache, must-revalidate'
E    +  where 'no-store, no-cache, must-revalidate' = get('Cache-Control', '')
E    +    where get = {'Date': 'Tue, 17 Feb 2026 10:25:57 GMT', 'Content-Type': 'image/png', 'Content-Length': '74', 'Connection': 'keep-alive', 'Server': 'cloudflare', 'CF-Ray': '9cf4956ddda32267-ORD', 'CF-Cache-Status': 'DYNAMIC', 'Access-Control-Allow-Origin': '*', 'Cache-Control': 'no-store, no-cache, must-revalidate', 'Via': '1.1 google', 'Access-Control-Allow-Headers': '*', 'Access-Control-Allow-Methods': 'GET, POST, PUT, DELETE, OPTIONS, HEAD, PATCH', 'Access-Control-Max-Age': '300', 'x-request-id': 'e29e734a', 'Set-Cookie': '__cf_bm=RmPJ3ukCdwCVoMw2ekbl93qJioS60zWR0jeP2lNq5SY-1771323957-1.0.1.1-f4h0GG0gB1HfYjyFLQi4m9O0OZGYj7IacJ8q_NJxlZpYabbnXt_ajnykvz_7lB_HuY8QQYnWBBEELKAeC6AQonjF6AZ7ytP7VPDzoYqAURA; path=/; expires=Tue, 17-Feb-26 10:55:57 GMT; domain=.preview.emergentagent.com; HttpOnly; Secure; SameSite=None', 'Vary': 'Accept-Encoding'}.get
E    +      where {'Date': 'Tue, 17 Feb 2026 10:25:57 GMT', 'Content-Type': 'image/png', 'Content-Length': '74', 'Connection': 'keep-alive', 'Server': 'cloudflare', 'CF-Ray': '9cf4956ddda32267-ORD', 'CF-Cache-Status': 'DYNAMIC', 'Access-Control-Allow-Origin': '*', 'Cache-Control': 'no-store, no-cache, must-revalidate', 'Via': '1.1 google', 'Access-Control-Allow-Headers': '*', 'Access-Control-Allow-Methods': 'GET, POST, PUT, DELETE, OPTIONS, HEAD, PATCH', 'Access-Control-Max-Age': '300', 'x-request-id': 'e29e734a', 'Set-Cookie': '__cf_bm=RmPJ3ukCdwCVoMw2ekbl93qJioS60zWR0jeP2lNq5SY-1771323957-1.0.1.1-f4h0GG0gB1HfYjyFLQi4m9O0OZGYj7IacJ8q_NJxlZpYabbnXt_ajnykvz_7lB_HuY8QQYnWBBEELKAeC6AQonjF6AZ7ytP7VPDzoYqAURA; path=/; expires=Tue, 17-Feb-26 10:55:57 GMT; domain=.preview.emergentagent.com; HttpOnly; Secure; SameSite=None', 'Vary': 'Accept-Encoding'} = &lt;Response [200]&gt;.headers</failure></testcase><testcase classname="backend.tests.test_kb_image_upload.TestKBImageUpload" name="test_public_image_not_found" time="0.136" /><testcase classname="backend.tests.test_kb_image_upload.TestKBImageUpload" name="test_delete_image_success" time="0.463" /><testcase classname="backend.tests.test_kb_image_upload.TestKBImageUpload" name="test_delete_nonexistent_image" time="0.136" /></testsuite></testsuites>