<?xml version="1.0" encoding="utf-8"?><testsuites name="pytest tests"><testsuite name="pytest" errors="0" failures="0" skipped="0" tests="11" time="3.333" timestamp="2026-02-17T10:26:10.286840+00:00" hostname="agent-env-4a67fdbf-6402-42a1-b5de-7094ed210f5a"><testcase classname="backend.tests.test_kb_image_upload.TestKBImageUpload" name="test_upload_image_without_auth_returns_401" time="0.154" /><testcase classname="backend.tests.test_kb_image_upload.TestKBImageUpload" name="test_list_images_without_auth_returns_401" time="0.107" /><testcase classname="backend.tests.test_kb_image_upload.TestKBImageUpload" name="test_delete_image_without_auth_returns_401" time="0.162" /><testcase classname="backend.tests.test_kb_image_upload.TestKBImageUpload" name="test_upload_png_image_success" time="0.351" /><testcase classname="backend.tests.test_kb_image_upload.TestKBImageUpload" name="test_upload_jpeg_image_success" time="0.253" /><testcase classname="backend.tests.test_kb_image_upload.TestKBImageUpload" name="test_upload_non_image_file_rejected" time="0.101" /><testcase classname="backend.tests.test_kb_image_upload.TestKBImageUpload" name="test_list_images_returns_array" time="0.448" /><testcase classname="backend.tests.test_kb_image_upload.TestKBImageUpload" name="test_public_image_access" time="0.601" /><testcase classname="backend.tests.test_kb_image_upload.TestKBImageUpload" name="test_public_image_not_found" time="0.161" /><testcase classname="backend.tests.test_kb_image_upload.TestKBImageUpload" name="test_delete_image_success" time="0.710" /><testcase classname="backend.tests.test_kb_image_upload.TestKBImageUpload" name="test_delete_nonexistent_image" time="0.219" /></testsuite></testsuites>