<?xml version="1.0" encoding="utf-8"?><testsuites name="pytest tests"><testsuite name="pytest" errors="0" failures="0" skipped="0" tests="14" time="2.493" timestamp="2026-02-13T20:43:59.386703+00:00" hostname="agent-env-d125a778-52dd-46ef-82be-a1f7d36dbef5"><testcase classname="backend.tests.test_email_cleanup.TestHealthCheck" name="test_health_endpoint" time="0.217" /><testcase classname="backend.tests.test_email_cleanup.TestGmailEndpointsRemoved" name="test_gmail_status_404" time="0.236" /><testcase classname="backend.tests.test_email_cleanup.TestGmailEndpointsRemoved" name="test_gmail_connect_404" time="0.116" /><testcase classname="backend.tests.test_email_cleanup.TestGmailEndpointsRemoved" name="test_gmail_disconnect_404" time="0.174" /><testcase classname="backend.tests.test_email_cleanup.TestGmailEndpointsRemoved" name="test_email_sync_404" time="0.138" /><testcase classname="backend.tests.test_email_cleanup.TestGmailEndpointsRemoved" name="test_email_status_404" time="0.164" /><testcase classname="backend.tests.test_email_cleanup.TestCoreEndpointsStillWork" name="test_tickets_list" time="0.149" /><testcase classname="backend.tests.test_email_cleanup.TestCoreEndpointsStillWork" name="test_knowledge_base_list" time="0.109" /><testcase classname="backend.tests.test_email_cleanup.TestCoreEndpointsStillWork" name="test_import_endpoint_exists" time="0.150" /><testcase classname="backend.tests.test_email_cleanup.TestCoreEndpointsStillWork" name="test_upload_image_endpoint_exists" time="0.111" /><testcase classname="backend.tests.test_email_cleanup.TestAuthenticatedEndpoints" name="test_auth_me" time="0.192" /><testcase classname="backend.tests.test_email_cleanup.TestAuthenticatedEndpoints" name="test_tickets_list_authenticated" time="0.431" /><testcase classname="backend.tests.test_email_cleanup.TestAuthenticatedEndpoints" name="test_knowledge_base_authenticated" time="0.122" /><testcase classname="backend.tests.test_email_cleanup.TestCSATWithoutGmail" name="test_csat_analytics" time="0.130" /></testsuite></testsuites>