<?xml version="1.0" encoding="utf-8"?><testsuites name="pytest tests"><testsuite name="pytest" errors="0" failures="0" skipped="0" tests="9" time="1.928" timestamp="2026-02-17T22:15:12.862536+00:00" hostname="agent-env-a0eea7d3-364f-4b5d-a391-7d2c83d8f100"><testcase classname="tests.test_job_id_field.TestBackendJobIdStorage" name="test_ticket_submission_with_job_id" time="0.671" /><testcase classname="tests.test_job_id_field.TestBackendJobIdStorage" name="test_ticket_submission_without_job_id_for_non_required_category" time="0.143" /><testcase classname="tests.test_job_id_field.TestBackendJobIdStorage" name="test_ticket_submission_with_empty_job_id" time="0.133" /><testcase classname="tests.test_job_id_field.TestBackendJobIdStorage" name="test_ticket_submission_job_id_for_deployments" time="0.141" /><testcase classname="tests.test_job_id_field.TestBackendJobIdStorage" name="test_ticket_submission_job_id_for_agent_ai" time="0.136" /><testcase classname="tests.test_job_id_field.TestBackendJobIdStorage" name="test_ticket_submission_job_id_for_features" time="0.144" /><testcase classname="tests.test_job_id_field.TestBackendJobIdStorage" name="test_ticket_submission_job_id_for_custom_domain" time="0.146" /><testcase classname="tests.test_job_id_field.TestBackendJobIdStorage" name="test_ticket_submission_job_id_for_database" time="0.172" /><testcase classname="tests.test_job_id_field.TestBackendJobIdStorage" name="test_ticket_submission_job_id_for_mobile_builds" time="0.172" /></testsuite></testsuites>