<?xml version="1.0" encoding="utf-8"?><testsuites name="pytest tests"><testsuite name="pytest" errors="0" failures="0" skipped="0" tests="13" time="4.357" timestamp="2026-02-21T00:07:10.822550+00:00" hostname="agent-env-9bcbadb0-4cf8-4b0b-8c83-1ae45a878897"><testcase classname="tests.test_email_phase2.TestHealthCheck" name="test_api_health" time="0.291" /><testcase classname="tests.test_email_phase2.TestPortalAuth" name="test_portal_login_success" time="0.435" /><testcase classname="tests.test_email_phase2.TestPortalAuth" name="test_portal_login_invalid" time="0.174" /><testcase classname="tests.test_email_phase2.TestPortalTicketCreation" name="test_portal_ticket_submission" time="1.357" /><testcase classname="tests.test_email_phase2.TestEmailThreadsCollection" name="test_email_threads_has_outbound" time="0.188" /><testcase classname="tests.test_email_phase2.TestAgentReplyEmail" name="test_agent_reply_endpoint_exists" time="0.124" /><testcase classname="tests.test_email_phase2.TestEmailStats" name="test_health_includes_db" time="0.121" /><testcase classname="tests.test_email_phase2.TestPortalCategories" name="test_list_categories" time="0.167" /><testcase classname="tests.test_email_phase2.TestPortalCategories" name="test_get_category_details" time="0.191" /><testcase classname="tests.test_email_phase2.TestPortalEngineerPlans" name="test_list_engineer_plans" time="0.136" /><testcase classname="tests.test_email_phase2.TestKnowledgeBase" name="test_public_kb_data" time="0.259" /><testcase classname="tests.test_email_phase2.TestPortalInquiries" name="test_submit_inquiry" time="0.143" /><testcase classname="tests.test_email_phase2.TestTicketNotes" name="test_portal_ticket_reply" time="0.698" /></testsuite></testsuites>