<?xml version="1.0" encoding="utf-8"?><testsuites name="pytest tests"><testsuite name="pytest" errors="0" failures="0" skipped="0" tests="4" time="0.709" timestamp="2026-03-01T07:39:55.248885+00:00" hostname="agent-env-0aaee98b-3b4f-49f6-ae5f-17b1b199d239"><testcase classname="backend.tests.test_kb_admin_performance.TestKBAdminPerformance" name="test_admin_list_articles_excludes_content_markdown" time="0.180" /><testcase classname="backend.tests.test_kb_admin_performance.TestKBAdminPerformance" name="test_admin_get_single_article_includes_content_markdown" time="0.219" /><testcase classname="backend.tests.test_kb_admin_performance.TestKBAdminPerformance" name="test_admin_get_nonexistent_article_returns_404" time="0.103" /><testcase classname="backend.tests.test_kb_admin_performance.TestKBAdminPerformance" name="test_admin_list_includes_feedback_stats" time="0.152" /></testsuite></testsuites>