<?xml version="1.0" encoding="utf-8"?><testsuites name="pytest tests"><testsuite name="pytest" errors="0" failures="0" skipped="0" tests="8" time="6.642" timestamp="2026-02-11T22:42:29.392531+00:00" hostname="agent-env-30586455-73e6-42d0-bad2-47cf4ad4e90b"><testcase classname="backend.tests.test_filter_bug_fixes.TestUsersEndpointPaginatedResponse" name="test_users_returns_paginated_object" time="6.286" /><testcase classname="backend.tests.test_filter_bug_fixes.TestEmptyFieldConditionHandling" name="test_empty_field_only_does_not_crash" time="0.066" /><testcase classname="backend.tests.test_filter_bug_fixes.TestEmptyFieldConditionHandling" name="test_empty_field_mixed_with_valid" time="0.051" /><testcase classname="backend.tests.test_filter_bug_fixes.TestEmptyFieldConditionHandling" name="test_empty_field_in_nested_group" time="0.048" /><testcase classname="backend.tests.test_filter_bug_fixes.TestDatabaseIndexes" name="test_tickets_collection_indexes" time="0.006" /><testcase classname="backend.tests.test_filter_bug_fixes.TestDatabaseIndexes" name="test_compound_indexes_for_filtering" time="0.003" /><testcase classname="backend.tests.test_filter_bug_fixes.TestDatabaseIndexes" name="test_custom_inboxes_indexes" time="0.003" /><testcase classname="backend.tests.test_filter_bug_fixes.TestFilterFieldsEndpoint" name="test_filter_fields_returns_array" time="0.044" /></testsuite></testsuites>