<?xml version="1.0" encoding="utf-8"?><testsuites name="pytest tests"><testsuite name="pytest" errors="0" failures="7" skipped="0" tests="50" time="2.708" timestamp="2026-02-12T05:19:27.332249+00:00" hostname="agent-env-8431bc40-2c29-4e7c-925d-fa30689022ef"><testcase classname="backend.tests.test_backend_routes_regression.TestHealthCheck" name="test_health_endpoint_returns_healthy" time="0.120" /><testcase classname="backend.tests.test_backend_routes_regression.TestAuthRoutes" name="test_auth_me_with_session" time="0.037" /><testcase classname="backend.tests.test_backend_routes_regression.TestAuthRoutes" name="test_auth_me_without_session_returns_401" time="0.038" /><testcase classname="backend.tests.test_backend_routes_regression.TestAuthRoutes" name="test_auth_logout" time="0.037" /><testcase classname="backend.tests.test_backend_routes_regression.TestAuthRoutes" name="test_get_api_keys" time="0.036" /><testcase classname="backend.tests.test_backend_routes_regression.TestUserRoutes" name="test_get_users_me" time="0.034" /><testcase classname="backend.tests.test_backend_routes_regression.TestUserRoutes" name="test_get_users_paginated" time="0.041" /><testcase classname="backend.tests.test_backend_routes_regression.TestTeamRoutes" name="test_get_teams" time="0.062" /><testcase classname="backend.tests.test_backend_routes_regression.TestTeamRoutes" name="test_create_and_delete_team" time="0.060" /><testcase classname="backend.tests.test_backend_routes_regression.TestShiftRoutes" name="test_get_all_shifts" time="0.042" /><testcase classname="backend.tests.test_backend_routes_regression.TestTicketRoutes" name="test_get_tickets_paginated" time="0.052" /><testcase classname="backend.tests.test_backend_routes_regression.TestTicketRoutes" name="test_get_tickets_with_status_filter" time="0.038" /><testcase classname="backend.tests.test_backend_routes_regression.TestTicketRoutes" name="test_get_starred_tickets" time="0.046" /><testcase classname="backend.tests.test_backend_routes_regression.TestTicketRoutes" name="test_get_escalation_counts" time="0.047" /><testcase classname="backend.tests.test_backend_routes_regression.TestTicketRoutes" name="test_ticket_crud" time="0.109"><failure message="assert 520 == 200&#10; +  where 520 = &lt;Response [520]&gt;.status_code">backend/tests/test_backend_routes_regression.py:245: in test_ticket_crud
    assert response.status_code == 200
E   assert 520 == 200
E    +  where 520 = &lt;Response [520]&gt;.status_code</failure></testcase><testcase classname="backend.tests.test_backend_routes_regression.TestTicketOpsRoutes" name="test_bulk_update_endpoint_exists" time="0.042" /><testcase classname="backend.tests.test_backend_routes_regression.TestTicketOpsRoutes" name="test_bulk_tag_endpoint_exists" time="0.035" /><testcase classname="backend.tests.test_backend_routes_regression.TestEmailRoutes" name="test_email_status" time="0.212" /><testcase classname="backend.tests.test_backend_routes_regression.TestEmailRoutes" name="test_gmail_status" time="0.039" /><testcase classname="backend.tests.test_backend_routes_regression.TestAdminRoutes" name="test_get_admin_settings" time="0.037" /><testcase classname="backend.tests.test_backend_routes_regression.TestAdminRoutes" name="test_get_custom_fields" time="0.036" /><testcase classname="backend.tests.test_backend_routes_regression.TestAdminRoutes" name="test_get_routing_rules" time="0.039" /><testcase classname="backend.tests.test_backend_routes_regression.TestAdminRoutes" name="test_get_sla_policies_admin" time="0.038" /><testcase classname="backend.tests.test_backend_routes_regression.TestAdminRoutes" name="test_get_sla_escalation_rules" time="0.040" /><testcase classname="backend.tests.test_backend_routes_regression.TestAdminRoutes" name="test_auto_close_status" time="0.040" /><testcase classname="backend.tests.test_backend_routes_regression.TestSLARoutes" name="test_list_sla_policies" time="0.042" /><testcase classname="backend.tests.test_backend_routes_regression.TestAnalyticsRoutes" name="test_analytics_summary" time="0.044" /><testcase classname="backend.tests.test_backend_routes_regression.TestAnalyticsRoutes" name="test_analytics_overview" time="0.084" /><testcase classname="backend.tests.test_backend_routes_regression.TestAnalyticsRoutes" name="test_analytics_agents" time="0.041" /><testcase classname="backend.tests.test_backend_routes_regression.TestSearchPresenceRoutes" name="test_search_suggestions" time="0.037" /><testcase classname="backend.tests.test_backend_routes_regression.TestSearchPresenceRoutes" name="test_presence_stats" time="0.041"><failure message="assert 520 == 200&#10; +  where 520 = &lt;Response [520]&gt;.status_code">backend/tests/test_backend_routes_regression.py:440: in test_presence_stats
    assert response.status_code == 200
E   assert 520 == 200
E    +  where 520 = &lt;Response [520]&gt;.status_code</failure></testcase><testcase classname="backend.tests.test_backend_routes_regression.TestSearchPresenceRoutes" name="test_notifications" time="0.044"><failure message="assert 422 == 200&#10; +  where 422 = &lt;Response [422]&gt;.status_code">backend/tests/test_backend_routes_regression.py:446: in test_notifications
    assert response.status_code == 200
E   assert 422 == 200
E    +  where 422 = &lt;Response [422]&gt;.status_code</failure></testcase><testcase classname="backend.tests.test_backend_routes_regression.TestLeaveRoutes" name="test_get_leaves" time="0.040"><failure message="assert 520 == 200&#10; +  where 520 = &lt;Response [520]&gt;.status_code">backend/tests/test_backend_routes_regression.py:460: in test_get_leaves
    assert response.status_code == 200
E   assert 520 == 200
E    +  where 520 = &lt;Response [520]&gt;.status_code</failure></testcase><testcase classname="backend.tests.test_backend_routes_regression.TestFeatureRequestRoutes" name="test_list_feature_requests" time="0.038" /><testcase classname="backend.tests.test_backend_routes_regression.TestFeatureRequestRoutes" name="test_create_and_delete_feature_request" time="0.040"><failure message="assert 520 == 200&#10; +  where 520 = &lt;Response [520]&gt;.status_code">backend/tests/test_backend_routes_regression.py:490: in test_create_and_delete_feature_request
    assert response.status_code == 200
E   assert 520 == 200
E    +  where 520 = &lt;Response [520]&gt;.status_code</failure></testcase><testcase classname="backend.tests.test_backend_routes_regression.TestExportRoutes" name="test_export_tickets" time="0.071"><failure message="assert 520 == 200&#10; +  where 520 = &lt;Response [520]&gt;.status_code">backend/tests/test_backend_routes_regression.py:515: in test_export_tickets
    assert response.status_code == 200
E   assert 520 == 200
E    +  where 520 = &lt;Response [520]&gt;.status_code</failure></testcase><testcase classname="backend.tests.test_backend_routes_regression.TestExportRoutes" name="test_export_customers" time="0.047"><failure message="assert 520 == 200&#10; +  where 520 = &lt;Response [520]&gt;.status_code">backend/tests/test_backend_routes_regression.py:521: in test_export_customers
    assert response.status_code == 200
E   assert 520 == 200
E    +  where 520 = &lt;Response [520]&gt;.status_code</failure></testcase><testcase classname="backend.tests.test_backend_routes_regression.TestFilterRoutes" name="test_filter_tickets" time="0.038" /><testcase classname="backend.tests.test_backend_routes_regression.TestFilterRoutes" name="test_filter_fields" time="0.048" /><testcase classname="backend.tests.test_backend_routes_regression.TestFilterRoutes" name="test_inbox_crud" time="0.068" /><testcase classname="backend.tests.test_backend_routes_regression.TestWebhookRoutes" name="test_webhook_events" time="0.044" /><testcase classname="backend.tests.test_backend_routes_regression.TestCustomerRoutes" name="test_list_customers" time="0.036" /><testcase classname="backend.tests.test_backend_routes_regression.TestCustomerRoutes" name="test_search_customers" time="0.047" /><testcase classname="backend.tests.test_backend_routes_regression.TestCannedResponseRoutes" name="test_get_canned_responses" time="0.039" /><testcase classname="backend.tests.test_backend_routes_regression.TestCannedResponseRoutes" name="test_canned_response_crud" time="0.054" /><testcase classname="backend.tests.test_backend_routes_regression.TestCSATRoutes" name="test_csat_analytics" time="0.038" /><testcase classname="backend.tests.test_backend_routes_regression.TestModuleImports" name="test_database_module" time="0.042" /><testcase classname="backend.tests.test_backend_routes_regression.TestModuleImports" name="test_dependencies_module" time="0.037" /><testcase classname="backend.tests.test_backend_routes_regression.TestModuleImports" name="test_utils_module" time="0.037" /><testcase classname="backend.tests.test_backend_routes_regression.TestModuleImports" name="test_schemas_module" time="0.046" /></testsuite></testsuites>