<?xml version="1.0" encoding="utf-8"?><testsuites name="pytest tests"><testsuite name="pytest" errors="0" failures="0" skipped="0" tests="17" time="1.492" timestamp="2026-03-06T13:03:59.212277+00:00" hostname="agent-env-4f8eed95-8f59-44d2-bf0f-d728d14ee3fd"><testcase classname="tests.test_shadow_sync_and_quoted_content.TestBackendHealth" name="test_health_endpoint" time="0.253" /><testcase classname="tests.test_shadow_sync_and_quoted_content.TestAtlasSyncAPIEndpoints" name="test_sync_status_endpoint_exists" time="0.118" /><testcase classname="tests.test_shadow_sync_and_quoted_content.TestAtlasSyncAPIEndpoints" name="test_sync_start_endpoint_exists" time="0.117" /><testcase classname="tests.test_shadow_sync_and_quoted_content.TestAtlasSyncAPIEndpoints" name="test_sync_stop_endpoint_exists" time="0.110" /><testcase classname="tests.test_shadow_sync_and_quoted_content.TestAtlasSyncAPIEndpoints" name="test_sync_config_endpoint_exists" time="0.120" /><testcase classname="tests.test_shadow_sync_and_quoted_content.TestMongoDBShadowSyncState" name="test_shadow_sync_state_exists" time="0.166" /><testcase classname="tests.test_shadow_sync_and_quoted_content.TestMongoDBShadowSyncState" name="test_shadow_sync_is_running" time="0.003" /><testcase classname="tests.test_shadow_sync_and_quoted_content.TestMongoDBShadowSyncState" name="test_shadow_sync_has_cycles" time="0.003" /><testcase classname="tests.test_shadow_sync_and_quoted_content.TestAtlasSyncedTickets" name="test_tickets_created_by_atlas_sync_exist" time="0.053" /><testcase classname="tests.test_shadow_sync_and_quoted_content.TestAtlasSyncedTickets" name="test_synced_tickets_have_atlas_conversation_id" time="0.055" /><testcase classname="tests.test_shadow_sync_and_quoted_content.TestAtlasSyncedTickets" name="test_synced_tickets_have_last_synced_at" time="0.055" /><testcase classname="tests.test_shadow_sync_and_quoted_content.TestAtlasSyncedTickets" name="test_no_duplicate_atlas_conversation_ids" time="0.132" /><testcase classname="tests.test_shadow_sync_and_quoted_content.TestAtlasSyncedMessages" name="test_messages_with_source_atlas_exist" time="0.214" /><testcase classname="tests.test_shadow_sync_and_quoted_content.TestAtlasSyncedMessages" name="test_atlas_messages_have_required_fields" time="0.021" /><testcase classname="tests.test_shadow_sync_and_quoted_content.TestSplitQuotedContentFunction" name="test_on_wrote_pattern" time="0.000" /><testcase classname="tests.test_shadow_sync_and_quoted_content.TestSplitQuotedContentFunction" name="test_sent_from_outlook_pattern" time="0.000" /><testcase classname="tests.test_shadow_sync_and_quoted_content.TestSplitQuotedContentFunction" name="test_no_quoted_pattern_returns_full_text" time="0.000" /></testsuite></testsuites>