<?xml version="1.0" encoding="utf-8"?><testsuites name="pytest tests"><testsuite name="pytest" errors="0" failures="0" skipped="0" tests="8" time="1.330" timestamp="2026-03-03T15:27:27.437526+00:00" hostname="agent-env-dbbc0d38-d6b7-414b-9866-b426ae1d49d6"><testcase classname="backend.tests.test_kb_column_layout.TestKBPublicDocs" name="test_get_public_article_col_layout_test" time="0.137" /><testcase classname="backend.tests.test_kb_column_layout.TestKBPublicDocs" name="test_get_public_article_welcome_has_old_columns" time="0.125" /><testcase classname="backend.tests.test_kb_column_layout.TestKBPublicDocs" name="test_get_public_data_includes_col_layout_test" time="0.139" /><testcase classname="backend.tests.test_kb_column_layout.TestKBAdminAPI" name="test_admin_get_article_col_layout_test" time="0.173" /><testcase classname="backend.tests.test_kb_column_layout.TestKBAdminAPI" name="test_admin_get_article_welcome" time="0.109" /><testcase classname="backend.tests.test_kb_column_layout.TestKBAdminAPI" name="test_admin_list_articles_includes_col_layout_test" time="0.156" /><testcase classname="backend.tests.test_kb_column_layout.TestKBAdminAPI" name="test_admin_update_article_col_layout_preserves_content" time="0.310" /><testcase classname="backend.tests.test_kb_column_layout.TestKBSearchAPI" name="test_search_finds_col_layout_test" time="0.125" /></testsuite></testsuites>