<?xml version="1.0" encoding="utf-8"?><testsuites name="pytest tests"><testsuite name="pytest" errors="0" failures="0" skipped="0" tests="12" time="4.512" timestamp="2026-03-11T17:55:39.820385+00:00" hostname="agent-env-b935cb6a-669f-4cae-b1a0-8c038f60f588"><testcase classname="tests.test_imported_user_fix.TestDefensiveAssigneeValidation" name="test_update_ticket_with_valid_user_id_succeeds" time="0.673" /><testcase classname="tests.test_imported_user_fix.TestDefensiveAssigneeValidation" name="test_update_ticket_with_invalid_user_id_returns_400" time="0.059" /><testcase classname="tests.test_imported_user_fix.TestDefensiveAssigneeValidation" name="test_update_ticket_unassign_with_null_succeeds" time="0.165" /><testcase classname="tests.test_imported_user_fix.TestDefensiveAssigneeValidation" name="test_assign_endpoint_with_invalid_user_id_returns_400" time="0.062" /><testcase classname="tests.test_imported_user_fix.TestDefensiveAssigneeValidation" name="test_assign_endpoint_with_valid_user_id_succeeds" time="0.060" /><testcase classname="tests.test_imported_user_fix.TestResolveImportedUserLogic" name="test_resolve_imported_user_function_exists" time="0.367" /><testcase classname="tests.test_imported_user_fix.TestResolveImportedUserLogic" name="test_resolve_imported_user_returns_false_for_unknown_email" time="0.174" /><testcase classname="tests.test_imported_user_fix.TestResolveImportedUserLogic" name="test_resolve_imported_user_with_imported_placeholder" time="0.639" /><testcase classname="tests.test_imported_user_fix.TestMigrationScriptDryRun" name="test_migration_script_dry_run_executes" time="0.831" /><testcase classname="tests.test_imported_user_fix.TestMigrationScriptDryRun" name="test_migration_script_finds_no_records_in_preview" time="0.833" /><testcase classname="tests.test_imported_user_fix.TestAuthFlowIntegration" name="test_auth_session_endpoint_accessible" time="0.204" /><testcase classname="tests.test_imported_user_fix.TestAuthFlowIntegration" name="test_resolve_imported_user_called_before_upsert" time="0.390" /></testsuite></testsuites>