<?xml version="1.0" encoding="utf-8"?><testsuites name="pytest tests"><testsuite name="pytest" errors="0" failures="0" skipped="0" tests="12" time="6.703" timestamp="2026-03-05T15:03:42.234686+00:00" hostname="agent-env-6c875cdd-cde2-4994-872c-9a9982d2f532"><testcase classname="tests.test_cc_email_features.TestCreateTicketWithEmail" name="test_create_ticket_with_send_email_false" time="0.354" /><testcase classname="tests.test_cc_email_features.TestCreateTicketWithEmail" name="test_create_ticket_with_send_email_true" time="0.911" /><testcase classname="tests.test_cc_email_features.TestCreateTicketWithEmail" name="test_create_ticket_cc_parsing" time="0.878" /><testcase classname="tests.test_cc_email_features.TestEmailStatsAPI" name="test_email_stats_endpoint_exists" time="0.304" /><testcase classname="tests.test_cc_email_features.TestEmailStatsAPI" name="test_email_stats_outbound_emails_structure" time="0.127" /><testcase classname="tests.test_cc_email_features.TestReplyWithCC" name="test_reply_with_cc_field" time="1.108" /><testcase classname="tests.test_cc_email_features.TestReplyWithCC" name="test_reply_cc_empty_array" time="0.910" /><testcase classname="tests.test_cc_email_features.TestReplyWithCC" name="test_internal_note_ignores_cc" time="0.302" /><testcase classname="tests.test_cc_email_features.TestSchemaValidation" name="test_ticket_create_schema_has_send_email" time="0.256" /><testcase classname="tests.test_cc_email_features.TestSchemaValidation" name="test_ticket_create_schema_has_cc" time="0.275" /><testcase classname="tests.test_cc_email_features.TestSchemaValidation" name="test_internal_note_schema_has_cc" time="0.577" /><testcase classname="tests.test_cc_email_features.TestCleanup" name="test_cleanup_test_tickets" time="0.634" /></testsuite></testsuites>