<?xml version="1.0" encoding="utf-8"?><testsuites name="pytest tests"><testsuite name="pytest" errors="0" failures="0" skipped="0" tests="24" time="5.792" timestamp="2026-03-16T13:31:19.876662+00:00" hostname="agent-env-307e33ef-e03a-4ff4-9d09-7484bff307a8"><testcase classname="backend.tests.test_audit_fixes_backend.TestHealthCheck" name="test_health_endpoint_returns_200" time="0.412" /><testcase classname="backend.tests.test_audit_fixes_backend.TestAuthErrorHandling" name="test_auth_me_returns_user_with_valid_session" time="0.113" /><testcase classname="backend.tests.test_audit_fixes_backend.TestAuthErrorHandling" name="test_auth_returns_401_for_invalid_session" time="0.177" /><testcase classname="backend.tests.test_audit_fixes_backend.TestAuthErrorHandling" name="test_auth_returns_401_for_no_auth" time="0.108" /><testcase classname="backend.tests.test_audit_fixes_backend.TestAuthErrorHandling" name="test_auth_returns_401_for_expired_session" time="0.135" /><testcase classname="backend.tests.test_audit_fixes_backend.TestTeamsAuthorizationForAgents" name="test_get_teams_works_for_agent" time="0.217" /><testcase classname="backend.tests.test_audit_fixes_backend.TestTeamsAuthorizationForAgents" name="test_get_team_by_id_works_for_agent" time="0.323" /><testcase classname="backend.tests.test_audit_fixes_backend.TestTeamsMutationAuthorization" name="test_create_team_returns_403_for_agent" time="0.131" /><testcase classname="backend.tests.test_audit_fixes_backend.TestTeamsMutationAuthorization" name="test_create_team_works_for_lead" time="0.134" /><testcase classname="backend.tests.test_audit_fixes_backend.TestTeamsMutationAuthorization" name="test_create_team_works_for_admin" time="0.155" /><testcase classname="backend.tests.test_audit_fixes_backend.TestTeamsMutationAuthorization" name="test_update_team_returns_403_for_agent" time="0.284" /><testcase classname="backend.tests.test_audit_fixes_backend.TestTeamsMutationAuthorization" name="test_add_member_returns_403_for_agent" time="0.242" /><testcase classname="backend.tests.test_audit_fixes_backend.TestTeamsMutationAuthorization" name="test_remove_member_returns_403_for_agent" time="0.217" /><testcase classname="backend.tests.test_audit_fixes_backend.TestTeamSchemaValidation" name="test_create_team_empty_name_returns_422" time="0.116" /><testcase classname="backend.tests.test_audit_fixes_backend.TestTeamSchemaValidation" name="test_create_team_invalid_escalation_level_returns_422" time="0.129" /><testcase classname="backend.tests.test_audit_fixes_backend.TestTeamSchemaValidation" name="test_create_team_valid_data_succeeds" time="0.150" /><testcase classname="backend.tests.test_audit_fixes_backend.TestTeamSchemaValidation" name="test_update_team_invalid_escalation_returns_422" time="0.266" /><testcase classname="backend.tests.test_audit_fixes_backend.TestTeamSchemaValidation" name="test_add_member_empty_user_id_returns_422" time="0.240" /><testcase classname="backend.tests.test_audit_fixes_backend.TestAdminEndpointsAuthorization" name="test_admin_settings_returns_403_for_agent" time="0.117" /><testcase classname="backend.tests.test_audit_fixes_backend.TestAdminEndpointsAuthorization" name="test_admin_settings_works_for_admin" time="0.110" /><testcase classname="backend.tests.test_audit_fixes_backend.TestTicketsCRUD" name="test_get_tickets_works" time="0.214" /><testcase classname="backend.tests.test_audit_fixes_backend.TestTicketsCRUD" name="test_create_ticket_works" time="0.312" /><testcase classname="backend.tests.test_audit_fixes_backend.TestTicketsCRUD" name="test_update_ticket_works" time="0.414" /><testcase classname="backend.tests.test_audit_fixes_backend.TestBackendStartsCleanly" name="test_no_migration_errors_in_logs" time="0.983" /></testsuite></testsuites>