<?xml version="1.0" encoding="utf-8"?><testsuites name="pytest tests"><testsuite name="pytest" errors="0" failures="2" skipped="0" tests="41" time="41.872" timestamp="2026-03-13T18:51:47.191154+00:00" hostname="agent-env-030e2c1b-c692-4ba7-bb04-785ff4d5a8b2"><testcase classname="tests.test_unified_atlas_sync_engine.TestHealthEndpoint" name="test_health_returns_healthy" time="0.235" /><testcase classname="tests.test_unified_atlas_sync_engine.TestWebhookEndpoints" name="test_webhook_health" time="0.223" /><testcase classname="tests.test_unified_atlas_sync_engine.TestWebhookEndpoints" name="test_webhook_valid_json_returns_ok" time="0.459" /><testcase classname="tests.test_unified_atlas_sync_engine.TestWebhookEndpoints" name="test_webhook_invalid_json_returns_400" time="0.217" /><testcase classname="tests.test_unified_atlas_sync_engine.TestWebhookEndpoints" name="test_webhook_empty_body_returns_400" time="0.115" /><testcase classname="tests.test_unified_atlas_sync_engine.TestSyncEndpoints" name="test_sync_status_requires_auth" time="0.150" /><testcase classname="tests.test_unified_atlas_sync_engine.TestSyncEndpoints" name="test_sync_status_with_auth" time="0.463" /><testcase classname="tests.test_unified_atlas_sync_engine.TestSyncEndpoints" name="test_sync_start_requires_auth" time="0.173" /><testcase classname="tests.test_unified_atlas_sync_engine.TestSyncEndpoints" name="test_sync_start_with_auth" time="0.156" /><testcase classname="tests.test_unified_atlas_sync_engine.TestSyncEndpoints" name="test_sync_stop_requires_auth" time="0.112" /><testcase classname="tests.test_unified_atlas_sync_engine.TestSyncEndpoints" name="test_sync_config_requires_auth" time="0.129" /><testcase classname="tests.test_unified_atlas_sync_engine.TestSyncEndpoints" name="test_sync_config_with_auth" time="0.122" /><testcase classname="tests.test_unified_atlas_sync_engine.TestLegacyBackfillEndpoints" name="test_backfill_status_requires_auth" time="0.133" /><testcase classname="tests.test_unified_atlas_sync_engine.TestLegacyBackfillEndpoints" name="test_backfill_status_returns_completed" time="0.144" /><testcase classname="tests.test_unified_atlas_sync_engine.TestLegacyBackfillEndpoints" name="test_backfill_start_returns_completed" time="0.125" /><testcase classname="tests.test_unified_atlas_sync_engine.TestLegacyBackfillEndpoints" name="test_backfill_stop_returns_completed" time="0.136" /><testcase classname="tests.test_unified_atlas_sync_engine.TestLegacyBackfillEndpoints" name="test_backfill_reset_returns_completed" time="0.140" /><testcase classname="tests.test_unified_atlas_sync_engine.TestLegacyBackfillEndpoints" name="test_backfill_test_returns_completed" time="0.121" /><testcase classname="tests.test_unified_atlas_sync_engine.TestLegacyEnrichmentEndpoints" name="test_enrich_start_returns_completed" time="0.116" /><testcase classname="tests.test_unified_atlas_sync_engine.TestLegacyEnrichmentEndpoints" name="test_enrich_status_returns_completed" time="0.108" /><testcase classname="tests.test_unified_atlas_sync_engine.TestLegacyEnrichmentEndpoints" name="test_enrich_stop_returns_completed" time="0.159" /><testcase classname="tests.test_unified_atlas_sync_engine.TestAtlasAdminEndpoints" name="test_agents_import_requires_auth" time="0.125" /><testcase classname="tests.test_unified_atlas_sync_engine.TestAtlasAdminEndpoints" name="test_agents_import_with_auth" time="0.594" /><testcase classname="tests.test_unified_atlas_sync_engine.TestAtlasAdminEndpoints" name="test_sync_health_requires_auth" time="0.139" /><testcase classname="tests.test_unified_atlas_sync_engine.TestAtlasAdminEndpoints" name="test_sync_health_with_auth" time="11.943" /><testcase classname="tests.test_unified_atlas_sync_engine.TestAtlasAdminEndpoints" name="test_parity_requires_auth" time="0.131" /><testcase classname="tests.test_unified_atlas_sync_engine.TestAtlasAdminEndpoints" name="test_parity_with_auth" time="0.614" /><testcase classname="tests.test_unified_atlas_sync_engine.TestAtlasAdminEndpoints" name="test_atlas_test_requires_auth" time="0.144" /><testcase classname="tests.test_unified_atlas_sync_engine.TestAtlasAdminEndpoints" name="test_atlas_test_with_auth" time="0.458" /><testcase classname="tests.test_unified_atlas_sync_engine.TestPushBackFunctions" name="test_sync_functions_importable" time="0.328" /><testcase classname="tests.test_unified_atlas_sync_engine.TestPushBackFunctions" name="test_sync_ticket_to_atlas_returns_bool" time="0.002" /><testcase classname="tests.test_unified_atlas_sync_engine.TestPushBackFunctions" name="test_sync_assignment_to_atlas_returns_bool" time="0.001" /><testcase classname="tests.test_unified_atlas_sync_engine.TestTicketCRUD" name="test_get_tickets_requires_auth" time="0.126" /><testcase classname="tests.test_unified_atlas_sync_engine.TestTicketCRUD" name="test_get_tickets_with_auth" time="0.312" /><testcase classname="tests.test_unified_atlas_sync_engine.TestTicketCRUD" name="test_create_ticket_requires_auth" time="0.116" /><testcase classname="tests.test_unified_atlas_sync_engine.TestTicketCRUD" name="test_ticket_crud_workflow" time="0.851" /><testcase classname="tests.test_unified_atlas_sync_engine.TestWebhookEventTypes" name="test_conversation_created_event" time="0.458" /><testcase classname="tests.test_unified_atlas_sync_engine.TestWebhookEventTypes" name="test_status_changed_event" time="0.425" /><testcase classname="tests.test_unified_atlas_sync_engine.TestWebhookEventTypes" name="test_agent_changed_event" time="0.524" /><testcase classname="tests.test_unified_atlas_sync_engine.TestWebhookEventTypes" name="test_new_message_event" time="10.056"><failure message="requests.exceptions.ReadTimeout: HTTPSConnectionPool(host='sync-engine-4.preview.emergentagent.com', port=443): Read timed out. (read timeout=10)">/root/.venv/lib/python3.11/site-packages/urllib3/connectionpool.py:534: in _make_request
    response = conn.getresponse()
               ^^^^^^^^^^^^^^^^^^
/root/.venv/lib/python3.11/site-packages/urllib3/connection.py:571: in getresponse
    httplib_response = super().getresponse()
                       ^^^^^^^^^^^^^^^^^^^^^
/usr/local/lib/python3.11/http/client.py:1395: in getresponse
    response.begin()
/usr/local/lib/python3.11/http/client.py:325: in begin
    version, status, reason = self._read_status()
                              ^^^^^^^^^^^^^^^^^^^
/usr/local/lib/python3.11/http/client.py:286: in _read_status
    line = str(self.fp.readline(_MAXLINE + 1), "iso-8859-1")
               ^^^^^^^^^^^^^^^^^^^^^^^^^^^^^^
/usr/local/lib/python3.11/socket.py:718: in readinto
    return self._sock.recv_into(b)
           ^^^^^^^^^^^^^^^^^^^^^^^
/usr/local/lib/python3.11/ssl.py:1314: in recv_into
    return self.read(nbytes, buffer)
           ^^^^^^^^^^^^^^^^^^^^^^^^^
/usr/local/lib/python3.11/ssl.py:1166: in read
    return self._sslobj.read(len, buffer)
           ^^^^^^^^^^^^^^^^^^^^^^^^^^^^^^
E   TimeoutError: The read operation timed out

The above exception was the direct cause of the following exception:
/root/.venv/lib/python3.11/site-packages/requests/adapters.py:644: in send
    resp = conn.urlopen(
/root/.venv/lib/python3.11/site-packages/urllib3/connectionpool.py:841: in urlopen
    retries = retries.increment(
/root/.venv/lib/python3.11/site-packages/urllib3/util/retry.py:474: in increment
    raise reraise(type(error), error, _stacktrace)
          ^^^^^^^^^^^^^^^^^^^^^^^^^^^^^^^^^^^^^^^^
/root/.venv/lib/python3.11/site-packages/urllib3/util/util.py:39: in reraise
    raise value
/root/.venv/lib/python3.11/site-packages/urllib3/connectionpool.py:787: in urlopen
    response = self._make_request(
/root/.venv/lib/python3.11/site-packages/urllib3/connectionpool.py:536: in _make_request
    self._raise_timeout(err=e, url=url, timeout_value=read_timeout)
/root/.venv/lib/python3.11/site-packages/urllib3/connectionpool.py:367: in _raise_timeout
    raise ReadTimeoutError(
E   urllib3.exceptions.ReadTimeoutError: HTTPSConnectionPool(host='sync-engine-4.preview.emergentagent.com', port=443): Read timed out. (read timeout=10)

During handling of the above exception, another exception occurred:
tests/test_unified_atlas_sync_engine.py:622: in test_new_message_event
    response = requests.post(
/root/.venv/lib/python3.11/site-packages/requests/api.py:115: in post
    return request("post", url, data=data, json=json, **kwargs)
           ^^^^^^^^^^^^^^^^^^^^^^^^^^^^^^^^^^^^^^^^^^^^^^^^^^^^
/root/.venv/lib/python3.11/site-packages/requests/api.py:59: in request
    return session.request(method=method, url=url, **kwargs)
           ^^^^^^^^^^^^^^^^^^^^^^^^^^^^^^^^^^^^^^^^^^^^^^^^^
/root/.venv/lib/python3.11/site-packages/requests/sessions.py:589: in request
    resp = self.send(prep, **send_kwargs)
           ^^^^^^^^^^^^^^^^^^^^^^^^^^^^^^
/root/.venv/lib/python3.11/site-packages/requests/sessions.py:703: in send
    r = adapter.send(request, **kwargs)
        ^^^^^^^^^^^^^^^^^^^^^^^^^^^^^^^
/root/.venv/lib/python3.11/site-packages/requests/adapters.py:690: in send
    raise ReadTimeout(e, request=request)
E   requests.exceptions.ReadTimeout: HTTPSConnectionPool(host='sync-engine-4.preview.emergentagent.com', port=443): Read timed out. (read timeout=10)</failure></testcase><testcase classname="tests.test_unified_atlas_sync_engine.TestWebhookEventTypes" name="test_unknown_event_type_handled" time="10.424"><failure message="requests.exceptions.ReadTimeout: HTTPSConnectionPool(host='sync-engine-4.preview.emergentagent.com', port=443): Read timed out. (read timeout=10)">/root/.venv/lib/python3.11/site-packages/urllib3/connectionpool.py:534: in _make_request
    response = conn.getresponse()
               ^^^^^^^^^^^^^^^^^^
/root/.venv/lib/python3.11/site-packages/urllib3/connection.py:571: in getresponse
    httplib_response = super().getresponse()
                       ^^^^^^^^^^^^^^^^^^^^^
/usr/local/lib/python3.11/http/client.py:1395: in getresponse
    response.begin()
/usr/local/lib/python3.11/http/client.py:325: in begin
    version, status, reason = self._read_status()
                              ^^^^^^^^^^^^^^^^^^^
/usr/local/lib/python3.11/http/client.py:286: in _read_status
    line = str(self.fp.readline(_MAXLINE + 1), "iso-8859-1")
               ^^^^^^^^^^^^^^^^^^^^^^^^^^^^^^
/usr/local/lib/python3.11/socket.py:718: in readinto
    return self._sock.recv_into(b)
           ^^^^^^^^^^^^^^^^^^^^^^^
/usr/local/lib/python3.11/ssl.py:1314: in recv_into
    return self.read(nbytes, buffer)
           ^^^^^^^^^^^^^^^^^^^^^^^^^
/usr/local/lib/python3.11/ssl.py:1166: in read
    return self._sslobj.read(len, buffer)
           ^^^^^^^^^^^^^^^^^^^^^^^^^^^^^^
E   TimeoutError: The read operation timed out

The above exception was the direct cause of the following exception:
/root/.venv/lib/python3.11/site-packages/requests/adapters.py:644: in send
    resp = conn.urlopen(
/root/.venv/lib/python3.11/site-packages/urllib3/connectionpool.py:841: in urlopen
    retries = retries.increment(
/root/.venv/lib/python3.11/site-packages/urllib3/util/retry.py:474: in increment
    raise reraise(type(error), error, _stacktrace)
          ^^^^^^^^^^^^^^^^^^^^^^^^^^^^^^^^^^^^^^^^
/root/.venv/lib/python3.11/site-packages/urllib3/util/util.py:39: in reraise
    raise value
/root/.venv/lib/python3.11/site-packages/urllib3/connectionpool.py:787: in urlopen
    response = self._make_request(
/root/.venv/lib/python3.11/site-packages/urllib3/connectionpool.py:536: in _make_request
    self._raise_timeout(err=e, url=url, timeout_value=read_timeout)
/root/.venv/lib/python3.11/site-packages/urllib3/connectionpool.py:367: in _raise_timeout
    raise ReadTimeoutError(
E   urllib3.exceptions.ReadTimeoutError: HTTPSConnectionPool(host='sync-engine-4.preview.emergentagent.com', port=443): Read timed out. (read timeout=10)

During handling of the above exception, another exception occurred:
tests/test_unified_atlas_sync_engine.py:636: in test_unknown_event_type_handled
    response = requests.post(
/root/.venv/lib/python3.11/site-packages/requests/api.py:115: in post
    return request("post", url, data=data, json=json, **kwargs)
           ^^^^^^^^^^^^^^^^^^^^^^^^^^^^^^^^^^^^^^^^^^^^^^^^^^^^
/root/.venv/lib/python3.11/site-packages/requests/api.py:59: in request
    return session.request(method=method, url=url, **kwargs)
           ^^^^^^^^^^^^^^^^^^^^^^^^^^^^^^^^^^^^^^^^^^^^^^^^^
/root/.venv/lib/python3.11/site-packages/requests/sessions.py:589: in request
    resp = self.send(prep, **send_kwargs)
           ^^^^^^^^^^^^^^^^^^^^^^^^^^^^^^
/root/.venv/lib/python3.11/site-packages/requests/sessions.py:703: in send
    r = adapter.send(request, **kwargs)
        ^^^^^^^^^^^^^^^^^^^^^^^^^^^^^^^
/root/.venv/lib/python3.11/site-packages/requests/adapters.py:690: in send
    raise ReadTimeout(e, request=request)
E   requests.exceptions.ReadTimeout: HTTPSConnectionPool(host='sync-engine-4.preview.emergentagent.com', port=443): Read timed out. (read timeout=10)</failure></testcase></testsuite></testsuites>