<?xml version="1.0" encoding="utf-8"?><testsuites name="pytest tests"><testsuite name="pytest" errors="0" failures="0" skipped="0" tests="7" time="3.569" timestamp="2026-03-24T15:17:19.907458+00:00" hostname="agent-env-c63ca5c1-5937-4b4d-b67a-aa71d6f4c88e"><testcase classname="backend.tests.test_kb_draft_filtering.TestKBDraftFiltering" name="test_draft_not_in_public_articles_list" time="0.447" /><testcase classname="backend.tests.test_kb_draft_filtering.TestKBDraftFiltering" name="test_draft_not_accessible_by_public_slug_endpoint" time="0.403" /><testcase classname="backend.tests.test_kb_draft_filtering.TestKBDraftFiltering" name="test_draft_not_in_public_data" time="0.526" /><testcase classname="backend.tests.test_kb_draft_filtering.TestKBDraftFiltering" name="test_draft_visible_in_admin_articles_list" time="0.340" /><testcase classname="backend.tests.test_kb_draft_filtering.TestKBDraftFiltering" name="test_draft_accessible_by_admin_slug_endpoint" time="0.370" /><testcase classname="backend.tests.test_kb_draft_filtering.TestKBDraftFiltering" name="test_published_status_persistence" time="0.610" /><testcase classname="backend.tests.test_kb_draft_filtering.TestKBDraftFiltering" name="test_published_article_appears_in_public" time="0.807" /></testsuite></testsuites>