<?xml version="1.0" encoding="utf-8"?><testsuites name="pytest tests"><testsuite name="pytest" errors="0" failures="0" skipped="0" tests="13" time="2.507" timestamp="2026-03-04T16:36:39.112263+00:00" hostname="agent-env-dbbc0d38-d6b7-414b-9866-b426ae1d49d6"><testcase classname="test_portal_kb_integration.TestPortalCategoriesPublic" name="test_get_categories_returns_kb_group_key" time="0.168" /><testcase classname="test_portal_kb_integration.TestPortalCategoriesPublic" name="test_credits_pricing_has_beginners_guide_kb_group" time="0.115" /><testcase classname="test_portal_kb_integration.TestPortalCategoriesPublic" name="test_get_single_category_returns_kb_group_key" time="0.162" /><testcase classname="test_portal_kb_integration.TestPortalHelpTopics" name="test_help_topics_returns_icon_and_description" time="0.121" /><testcase classname="test_portal_kb_integration.TestPortalHelpTopics" name="test_help_topics_has_expected_kb_groups" time="0.127" /><testcase classname="test_portal_kb_integration.TestPortalAdminKBEndpoints" name="test_kb_nav_groups_returns_5_groups" time="0.154" /><testcase classname="test_portal_kb_integration.TestPortalAdminKBEndpoints" name="test_kb_nav_groups_contains_expected_keys" time="0.178" /><testcase classname="test_portal_kb_integration.TestPortalAdminKBEndpoints" name="test_kb_nav_groups_unauthorized_without_auth" time="0.135" /><testcase classname="test_portal_kb_integration.TestPortalAdminKBEndpoints" name="test_kb_articles_list_returns_published_articles" time="0.136" /><testcase classname="test_portal_kb_integration.TestPortalAdminKBEndpoints" name="test_kb_articles_list_unauthorized_without_auth" time="0.160" /><testcase classname="test_portal_kb_integration.TestPortalAdminCategoryKBField" name="test_create_category_with_kb_group_key" time="0.203" /><testcase classname="test_portal_kb_integration.TestPortalAdminCategoryKBField" name="test_update_category_kb_group_key" time="0.393" /><testcase classname="test_portal_kb_integration.TestPortalAdminCategoryKBField" name="test_update_existing_category_kb_group_key" time="0.383" /></testsuite></testsuites>