<?xml version="1.0" encoding="utf-8"?><testsuites name="pytest tests"><testsuite name="pytest" errors="0" failures="0" skipped="0" tests="8" time="1.878" timestamp="2026-03-16T14:18:26.429251+00:00" hostname="agent-env-307e33ef-e03a-4ff4-9d09-7484bff307a8"><testcase classname="backend.tests.test_frontend_qa_fixes.TestHealthCheck" name="test_health_endpoint_returns_200" time="0.444" /><testcase classname="backend.tests.test_frontend_qa_fixes.TestShiftStartEndpoint" name="test_shift_start_returns_401_without_auth" time="0.203" /><testcase classname="backend.tests.test_frontend_qa_fixes.TestShiftStartEndpoint" name="test_shift_start_returns_200_with_auth" time="0.359" /><testcase classname="backend.tests.test_frontend_qa_fixes.TestTeamsAuthorization" name="test_teams_get_works_for_agent" time="0.186" /><testcase classname="backend.tests.test_frontend_qa_fixes.TestTeamsAuthorization" name="test_teams_post_blocked_for_agent" time="0.146" /><testcase classname="backend.tests.test_frontend_qa_fixes.TestTeamsAuthorization" name="test_teams_post_allowed_for_lead" time="0.190" /><testcase classname="backend.tests.test_frontend_qa_fixes.TestAuthMeEndpoint" name="test_auth_me_returns_user_data" time="0.151" /><testcase classname="backend.tests.test_frontend_qa_fixes.TestAuthMeEndpoint" name="test_auth_me_returns_401_without_session" time="0.138" /></testsuite></testsuites>