<?xml version="1.0" encoding="utf-8"?><testsuites name="pytest tests"><testsuite name="pytest" errors="0" failures="0" skipped="0" tests="12" time="1.178" timestamp="2026-03-06T11:51:34.363235+00:00" hostname="agent-env-4f8eed95-8f59-44d2-bf0f-d728d14ee3fd"><testcase classname="tests.test_status_standardization.TestHealthCheck" name="test_health_endpoint" time="0.280" /><testcase classname="tests.test_status_standardization.TestDatabaseStatusValues" name="test_no_resolved_status_in_tickets" time="0.164" /><testcase classname="tests.test_status_standardization.TestDatabaseStatusValues" name="test_no_stray_waiting_statuses" time="0.001" /><testcase classname="tests.test_status_standardization.TestValidStatusesConstant" name="test_valid_statuses_includes_waiting_and_closed" time="0.000" /><testcase classname="tests.test_status_standardization.TestAtlasImportStatusMap" name="test_atlas_import_status_map" time="0.001" /><testcase classname="tests.test_status_standardization.TestAtlasBackfillStatusMap" name="test_atlas_backfill_status_map" time="0.199" /><testcase classname="tests.test_status_standardization.TestEmailTemplatesStatusColor" name="test_email_templates_status_color" time="0.005" /><testcase classname="tests.test_status_standardization.TestExportsAggregateQuery" name="test_exports_aggregate_uses_closed_only" time="0.031" /><testcase classname="tests.test_status_standardization.TestTicketsWebhookTriggers" name="test_webhook_triggers_on_close" time="0.130" /><testcase classname="tests.test_status_standardization.TestWebhooksEventDescriptions" name="test_webhook_resolved_description" time="0.122" /><testcase classname="tests.test_status_standardization.TestServerLogMessages" name="test_server_auto_close_log_messages" time="0.176" /><testcase classname="tests.test_status_standardization.TestStatusStandardizationSummary" name="test_all_standardization_requirements" time="0.000" /></testsuite></testsuites>