<?xml version="1.0" encoding="utf-8"?><testsuites name="pytest tests"><testsuite name="pytest" errors="0" failures="0" skipped="0" tests="15" time="4.641" timestamp="2026-03-12T19:30:14.808413+00:00" hostname="agent-env-b935cb6a-669f-4cae-b1a0-8c038f60f588"><testcase classname="tests.test_atlas_admin_endpoints.TestAtlasAdminEndpointsUnauthenticated" name="test_atlas_test_requires_auth" time="0.314" /><testcase classname="tests.test_atlas_admin_endpoints.TestAtlasAdminEndpointsUnauthenticated" name="test_atlas_parity_requires_auth" time="0.166" /><testcase classname="tests.test_atlas_admin_endpoints.TestAtlasAdminEndpointsUnauthenticated" name="test_atlas_sync_status_requires_auth" time="0.193" /><testcase classname="tests.test_atlas_admin_endpoints.TestAtlasApiTestEndpoint" name="test_atlas_test_returns_expected_fields" time="0.567" /><testcase classname="tests.test_atlas_admin_endpoints.TestAtlasApiTestEndpoint" name="test_atlas_test_connection_status" time="0.468" /><testcase classname="tests.test_atlas_admin_endpoints.TestAtlasApiTestEndpoint" name="test_atlas_test_key_masked_format" time="0.490" /><testcase classname="tests.test_atlas_admin_endpoints.TestAtlasApiTestEndpoint" name="test_atlas_test_response_time_tracked" time="0.417" /><testcase classname="tests.test_atlas_admin_endpoints.TestAtlasParityEndpoint" name="test_parity_returns_expected_fields" time="0.396" /><testcase classname="tests.test_atlas_admin_endpoints.TestAtlasParityEndpoint" name="test_parity_full_sync_structure" time="0.365" /><testcase classname="tests.test_atlas_admin_endpoints.TestAtlasParityEndpoint" name="test_parity_users_structure" time="0.329" /><testcase classname="tests.test_atlas_admin_endpoints.TestAtlasParityEndpoint" name="test_parity_numeric_values" time="0.331" /><testcase classname="tests.test_atlas_admin_endpoints.TestAtlasSyncStatusEndpoint" name="test_sync_status_returns_full_sync" time="0.127" /><testcase classname="tests.test_atlas_admin_endpoints.TestAtlasSyncStatusEndpoint" name="test_sync_status_phase1_fields" time="0.133" /><testcase classname="tests.test_atlas_admin_endpoints.TestAtlasSyncStatusEndpoint" name="test_sync_status_config_fields" time="0.149" /><testcase classname="tests.test_atlas_admin_endpoints.TestAtlasSyncStatusEndpoint" name="test_sync_status_is_running_boolean" time="0.111" /></testsuite></testsuites>