<?xml version="1.0" encoding="utf-8"?><testsuites name="pytest tests"><testsuite name="pytest" errors="0" failures="0" skipped="0" tests="11" time="10.630" timestamp="2026-03-11T16:24:10.037240+00:00" hostname="agent-env-b935cb6a-669f-4cae-b1a0-8c038f60f588"><testcase classname="tests.test_trinity_assignment_metadata.TestTrinityAssignmentMetadata" name="test_update_status_only_does_not_set_trinity_assigned_at" time="1.980" /><testcase classname="tests.test_trinity_assignment_metadata.TestTrinityAssignmentMetadata" name="test_update_assignee_to_new_value_sets_trinity_assigned_at" time="0.763" /><testcase classname="tests.test_trinity_assignment_metadata.TestTrinityAssignmentMetadata" name="test_update_assignee_to_same_value_does_not_update_trinity_assigned_at" time="1.834" /><testcase classname="tests.test_trinity_assignment_metadata.TestTrinityAssignmentMetadata" name="test_assignment_system_message_uses_content_field" time="0.751" /><testcase classname="tests.test_trinity_assignment_metadata.TestTrinityAssignmentMetadata" name="test_status_change_system_message_uses_content_field" time="0.579" /><testcase classname="tests.test_trinity_assignment_metadata.TestTrinityAssignmentMetadata" name="test_priority_change_system_message_uses_content_field" time="0.580" /><testcase classname="tests.test_trinity_assignment_metadata.TestTrinityAssignmentMetadata" name="test_closing_ticket_sets_both_closed_at_and_resolved_at" time="1.523" /><testcase classname="tests.test_trinity_assignment_metadata.TestTrinityAssignmentMetadata" name="test_assign_endpoint_sets_trinity_assigned_at" time="0.726" /><testcase classname="tests.test_trinity_assignment_metadata.TestTrinityAssignmentMetadata" name="test_get_tickets_returns_tags_and_customer_email" time="0.465" /><testcase classname="tests.test_trinity_assignment_metadata.TestTrinityAssignmentMetadata" name="test_get_tickets_returns_created_at_for_relative_time" time="0.462" /><testcase classname="tests.test_trinity_assignment_metadata.TestAssignSystemMessageContent" name="test_assign_endpoint_creates_system_message_with_content" time="0.885" /></testsuite></testsuites>