<?xml version="1.0" encoding="utf-8"?><testsuites name="pytest tests"><testsuite name="pytest" errors="0" failures="0" skipped="0" tests="20" time="7.135" timestamp="2026-03-10T21:46:50.799137+00:00" hostname="agent-env-0ced61a5-4897-43ab-a4eb-2052ac72d0c4"><testcase classname="tests.test_file_attachments.TestFileAttachments" name="test_health_endpoint_working" time="0.258" /><testcase classname="tests.test_file_attachments.TestFileAttachments" name="test_upload_pdf_attachment" time="0.269" /><testcase classname="tests.test_file_attachments.TestFileAttachments" name="test_upload_word_document" time="0.243" /><testcase classname="tests.test_file_attachments.TestFileAttachments" name="test_upload_excel_spreadsheet" time="0.278" /><testcase classname="tests.test_file_attachments.TestFileAttachments" name="test_upload_image_attachment" time="0.253" /><testcase classname="tests.test_file_attachments.TestFileAttachments" name="test_upload_text_file" time="0.256" /><testcase classname="tests.test_file_attachments.TestFileAttachments" name="test_upload_csv_file" time="0.249" /><testcase classname="tests.test_file_attachments.TestFileAttachments" name="test_upload_zip_file" time="0.250" /><testcase classname="tests.test_file_attachments.TestFileAttachments" name="test_download_attachment" time="0.405" /><testcase classname="tests.test_file_attachments.TestFileAttachments" name="test_delete_attachment" time="0.389" /><testcase classname="tests.test_file_attachments.TestFileAttachments" name="test_reject_file_over_7mb" time="0.419" /><testcase classname="tests.test_file_attachments.TestFileAttachments" name="test_reject_disallowed_file_type" time="0.190" /><testcase classname="tests.test_file_attachments.TestFileAttachments" name="test_download_nonexistent_attachment" time="0.139" /><testcase classname="tests.test_file_attachments.TestFileAttachments" name="test_delete_nonexistent_attachment" time="0.116" /><testcase classname="tests.test_file_attachments.TestNotesWithAttachments" name="test_add_note_with_attachment" time="1.065" /><testcase classname="tests.test_file_attachments.TestNotesWithAttachments" name="test_message_attachments_in_notes_list" time="0.898" /><testcase classname="tests.test_file_attachments.TestNotesWithAttachments" name="test_add_note_with_multiple_attachments" time="1.165" /><testcase classname="tests.test_file_attachments.TestEmailServiceAttachments" name="test_send_email_signature_accepts_attachments" time="0.128" /><testcase classname="tests.test_file_attachments.TestEmailServiceAttachments" name="test_email_service_imports_mime_modules" time="0.000" /><testcase classname="tests.test_file_attachments.TestInternalNoteSchema" name="test_schema_has_attachment_ids_field" time="0.084" /></testsuite></testsuites>