<?xml version="1.0" encoding="utf-8"?><testsuites name="pytest tests"><testsuite name="pytest" errors="0" failures="0" skipped="0" tests="14" time="1.544" timestamp="2026-03-06T12:40:06.655389+00:00" hostname="agent-env-4f8eed95-8f59-44d2-bf0f-d728d14ee3fd"><testcase classname="tests.test_atlas_shadow_sync.TestHealthCheck" name="test_health_endpoint_returns_healthy" time="0.305" /><testcase classname="tests.test_atlas_shadow_sync.TestSyncAPIEndpointsUnauthenticated" name="test_sync_status_requires_auth" time="0.118" /><testcase classname="tests.test_atlas_shadow_sync.TestSyncAPIEndpointsUnauthenticated" name="test_sync_start_requires_auth" time="0.109" /><testcase classname="tests.test_atlas_shadow_sync.TestSyncAPIEndpointsUnauthenticated" name="test_sync_stop_requires_auth" time="0.141" /><testcase classname="tests.test_atlas_shadow_sync.TestSyncAPIEndpointsUnauthenticated" name="test_sync_config_requires_auth" time="0.116" /><testcase classname="tests.test_atlas_shadow_sync.TestSyncAPIEndpointsAuthenticated" name="test_sync_status_returns_data" time="0.060" /><testcase classname="tests.test_atlas_shadow_sync.TestSyncAPIEndpointsAuthenticated" name="test_sync_config_update" time="0.160" /><testcase classname="tests.test_atlas_shadow_sync.TestSyncAutoStart" name="test_sync_state_shows_running" time="0.001" /><testcase classname="tests.test_atlas_shadow_sync.TestSyncedTickets" name="test_tickets_created_by_atlas_sync" time="0.050" /><testcase classname="tests.test_atlas_shadow_sync.TestSyncedTickets" name="test_synced_tickets_have_atlas_fields" time="0.052" /><testcase classname="tests.test_atlas_shadow_sync.TestSyncedMessages" name="test_messages_with_source_atlas" time="0.211" /><testcase classname="tests.test_atlas_shadow_sync.TestSyncedMessages" name="test_synced_messages_have_atlas_fields" time="0.019" /><testcase classname="tests.test_atlas_shadow_sync.TestSyncStatistics" name="test_sync_stats_in_state" time="0.001" /><testcase classname="tests.test_atlas_shadow_sync.TestSyncConfiguration" name="test_sync_config_values" time="0.001" /></testsuite></testsuites>