<?xml version="1.0" encoding="utf-8"?><testsuites name="pytest tests"><testsuite name="pytest" errors="0" failures="0" skipped="0" tests="17" time="3.270" timestamp="2026-03-10T19:47:44.019156+00:00" hostname="agent-env-0ced61a5-4897-43ab-a4eb-2052ac72d0c4"><testcase classname="backend.tests.test_atlas_assignment_sync.TestHealthEndpoint" name="test_health_endpoint_returns_healthy" time="0.299" /><testcase classname="backend.tests.test_atlas_assignment_sync.TestHealthEndpoint" name="test_api_health_endpoint_returns_healthy" time="0.066" /><testcase classname="backend.tests.test_atlas_assignment_sync.TestAssignTicketEndpoint" name="test_assign_endpoint_exists_and_requires_auth" time="0.142" /><testcase classname="backend.tests.test_atlas_assignment_sync.TestAssignTicketEndpoint" name="test_assign_endpoint_with_assignee" time="0.254" /><testcase classname="backend.tests.test_atlas_assignment_sync.TestAssignTicketEndpoint" name="test_assign_endpoint_with_team_only" time="0.309" /><testcase classname="backend.tests.test_atlas_assignment_sync.TestUpdateTicketWithAssignee" name="test_update_ticket_with_assignee_change" time="0.456" /><testcase classname="backend.tests.test_atlas_assignment_sync.TestUpdateTicketWithAssignee" name="test_update_ticket_without_atlas_conversation_id" time="0.162" /><testcase classname="backend.tests.test_atlas_assignment_sync.TestUnassignment" name="test_unassign_ticket_via_put" time="0.418" /><testcase classname="backend.tests.test_atlas_assignment_sync.TestAtlasAPIGracefulDegradation" name="test_ticket_update_succeeds_regardless_of_atlas" time="0.105" /><testcase classname="backend.tests.test_atlas_assignment_sync.TestAtlasAgentIdLookup" name="test_atlas_users_endpoint_accessible" time="0.062" /><testcase classname="backend.tests.test_atlas_assignment_sync.TestAtlasAgentIdLookup" name="test_users_with_email_exist" time="0.002" /><testcase classname="backend.tests.test_atlas_assignment_sync.TestSyncAssignmentFunction" name="test_assign_endpoint_creates_system_message" time="0.163" /><testcase classname="backend.tests.test_atlas_assignment_sync.TestSyncAssignmentFunction" name="test_ticket_updated_at_changes_on_assign" time="0.167" /><testcase classname="backend.tests.test_atlas_assignment_sync.TestTicketsWithoutAtlasConversationId" name="test_count_tickets_without_atlas_id" time="0.129" /><testcase classname="backend.tests.test_atlas_assignment_sync.TestTicketsWithoutAtlasConversationId" name="test_assign_ticket_without_atlas_id" time="0.118" /><testcase classname="backend.tests.test_atlas_assignment_sync.TestCodePathVerification" name="test_assign_endpoint_import_works" time="0.072" /><testcase classname="backend.tests.test_atlas_assignment_sync.TestCodePathVerification" name="test_update_endpoint_assignee_change_works" time="0.097" /></testsuite></testsuites>