<?xml version="1.0" encoding="utf-8"?><testsuites name="pytest tests"><testsuite name="pytest" errors="0" failures="7" skipped="0" tests="11" time="482.980" timestamp="2026-03-06T14:25:52.565155+00:00" hostname="agent-env-4f8eed95-8f59-44d2-bf0f-d728d14ee3fd"><testcase classname="backend.tests.test_zeus_cleanup.TestHealthEndpoint" name="test_health_returns_healthy" time="60.168"><failure message="assert 502 == 200&#10; +  where 502 = &lt;Response [502]&gt;.status_code">backend/tests/test_zeus_cleanup.py:29: in test_health_returns_healthy
    assert response.status_code == 200
E   assert 502 == 200
E    +  where 502 = &lt;Response [502]&gt;.status_code</failure></testcase><testcase classname="backend.tests.test_zeus_cleanup.TestZeusCleanupAPI" name="test_zeus_status_returns_last_run_stats" time="60.269"><failure message="assert 502 == 200&#10; +  where 502 = &lt;Response [502]&gt;.status_code">backend/tests/test_zeus_cleanup.py:50: in test_zeus_status_returns_last_run_stats
    assert response.status_code == 200
E   assert 502 == 200
E    +  where 502 = &lt;Response [502]&gt;.status_code</failure></testcase><testcase classname="backend.tests.test_zeus_cleanup.TestZeusCleanupAPI" name="test_zeus_status_returns_401_without_auth" time="60.229"><failure message="assert 502 == 401&#10; +  where 502 = &lt;Response [502]&gt;.status_code">backend/tests/test_zeus_cleanup.py:67: in test_zeus_status_returns_401_without_auth
    assert response.status_code == 401
E   assert 502 == 401
E    +  where 502 = &lt;Response [502]&gt;.status_code</failure></testcase><testcase classname="backend.tests.test_zeus_cleanup.TestZeusCleanupAPI" name="test_zeus_run_returns_401_without_auth" time="60.258"><failure message="assert 502 == 401&#10; +  where 502 = &lt;Response [502]&gt;.status_code">backend/tests/test_zeus_cleanup.py:73: in test_zeus_run_returns_401_without_auth
    assert response.status_code == 401
E   assert 502 == 401
E    +  where 502 = &lt;Response [502]&gt;.status_code</failure></testcase><testcase classname="backend.tests.test_zeus_cleanup.TestTicketsAPIZeusFilter" name="test_tickets_api_supports_zeus_filter" time="60.291"><failure message="assert 502 == 200&#10; +  where 502 = &lt;Response [502]&gt;.status_code">backend/tests/test_zeus_cleanup.py:95: in test_tickets_api_supports_zeus_filter
    assert response.status_code == 200
E   assert 502 == 200
E    +  where 502 = &lt;Response [502]&gt;.status_code</failure></testcase><testcase classname="backend.tests.test_zeus_cleanup.TestTicketsAPIZeusFilter" name="test_tickets_api_without_zeus_filter" time="60.352"><failure message="assert 502 == 200&#10; +  where 502 = &lt;Response [502]&gt;.status_code">backend/tests/test_zeus_cleanup.py:119: in test_tickets_api_without_zeus_filter
    assert response.status_code == 200
E   assert 502 == 200
E    +  where 502 = &lt;Response [502]&gt;.status_code</failure></testcase><testcase classname="backend.tests.test_zeus_cleanup.TestTicketsAPIZeusFilter" name="test_tickets_api_zeus_filter_with_multiple_statuses" time="60.383"><failure message="assert 502 == 200&#10; +  where 502 = &lt;Response [502]&gt;.status_code">backend/tests/test_zeus_cleanup.py:135: in test_tickets_api_zeus_filter_with_multiple_statuses
    assert response.status_code == 200
E   assert 502 == 200
E    +  where 502 = &lt;Response [502]&gt;.status_code</failure></testcase><testcase classname="backend.tests.test_zeus_cleanup.TestZeusCleanupDatabase" name="test_zeus_closed_tickets_exist" time="0.256" /><testcase classname="backend.tests.test_zeus_cleanup.TestZeusCleanupDatabase" name="test_zeus_cleanup_system_messages_exist" time="0.383" /><testcase classname="backend.tests.test_zeus_cleanup.TestZeusCleanupDatabase" name="test_zeus_cleanup_state_in_database" time="0.005" /><testcase classname="backend.tests.test_zeus_cleanup.TestAIAssignedTicketsIntegration" name="test_ai_assigned_page_query" time="60.270" /></testsuite></testsuites>