<?xml version="1.0" encoding="utf-8"?><testsuites name="pytest tests"><testsuite name="pytest" errors="0" failures="0" skipped="0" tests="23" time="0.527" timestamp="2026-03-16T11:07:55.528274+00:00" hostname="agent-env-05bc8308-59d0-477c-90c2-5c3728babc3c"><testcase classname="tests.test_atlas_sync_20_fixes.TestFlaw1PollerDocstring" name="test_docstring_mentions_created_only" time="0.001" /><testcase classname="tests.test_atlas_sync_20_fixes.TestFlaw2MessageSyncPoisoning" name="test_uses_last_message_synced_at" time="0.000" /><testcase classname="tests.test_atlas_sync_20_fixes.TestFlaw2MessageSyncPoisoning" name="test_sync_fields_updates_last_synced_at" time="0.000" /><testcase classname="tests.test_atlas_sync_20_fixes.TestFlaw3TagRemoval" name="test_empty_tags_handling" time="0.000" /><testcase classname="tests.test_atlas_sync_20_fixes.TestFlaw4NinetyDayInvisibility" name="test_cold_crawl_no_date_filter" time="0.000" /><testcase classname="tests.test_atlas_sync_20_fixes.TestFlaw5CSATClosedAtReupdate" name="test_no_one_shot_guards" time="0.000" /><testcase classname="tests.test_atlas_sync_20_fixes.TestFlaw7And14ErrorBoundary" name="test_error_boundary_per_conversation" time="0.000" /><testcase classname="tests.test_atlas_sync_20_fixes.TestFlaw8TagCache" name="test_no_empty_cache_poisoning" time="0.000" /><testcase classname="tests.test_atlas_sync_20_fixes.TestFlaw9FalsePositiveMatching" name="test_match_2_filters" time="0.000" /><testcase classname="tests.test_atlas_sync_20_fixes.TestFlaw10WebhookProjection" name="test_webhook_field_change_projection" time="0.000" /><testcase classname="tests.test_atlas_sync_20_fixes.TestFlaw10WebhookProjection" name="test_webhook_new_message_projection" time="0.000" /><testcase classname="tests.test_atlas_sync_20_fixes.TestFlaw10WebhookProjection" name="test_webhook_tags_changed_projection" time="0.000" /><testcase classname="tests.test_atlas_sync_20_fixes.TestFlaw12RedundantPollerSync" name="test_poller_skips_recent_messages" time="0.000" /><testcase classname="tests.test_atlas_sync_20_fixes.TestFlaw13WebhookIMAMLinking" name="test_uses_create_or_link" time="0.000" /><testcase classname="tests.test_atlas_sync_20_fixes.TestFlaw15WebhookAsync" name="test_background_thread_processing" time="0.000" /><testcase classname="tests.test_atlas_sync_20_fixes.TestFlaw16ReversePriority" name="test_medium_maps_to_normal" time="0.000" /><testcase classname="tests.test_atlas_sync_20_fixes.TestFlaw17TeamIdSync" name="test_team_id_synced" time="0.000" /><testcase classname="tests.test_atlas_sync_20_fixes.TestFlaw18MessageText" name="test_attachment_only_messages_allowed" time="0.000" /><testcase classname="tests.test_atlas_sync_20_fixes.TestFlaw19ConflictCounter" name="test_returns_conflict_count" time="0.000" /><testcase classname="tests.test_atlas_sync_20_fixes.TestFlaw20TagsDoubleUpdate" name="test_no_direct_tag_update" time="0.000" /><testcase classname="tests.test_atlas_sync_20_fixes.TestTicketProjectionFields" name="test_projection_includes_required_fields" time="0.000" /><testcase classname="tests.test_atlas_sync_20_fixes.TestBackendHealth" name="test_health_endpoint" time="0.330" /><testcase classname="tests.test_atlas_sync_20_fixes.TestWebhookHealthEndpoint" name="test_webhook_health" time="0.127" /></testsuite></testsuites>