<?xml version="1.0" encoding="utf-8"?><testsuites name="pytest tests"><testsuite name="pytest" errors="0" failures="0" skipped="0" tests="17" time="3.549" timestamp="2026-03-06T13:36:39.526351+00:00" hostname="agent-env-4f8eed95-8f59-44d2-bf0f-d728d14ee3fd"><testcase classname="backend.tests.test_attachment_migration.TestHealthCheck" name="test_health_endpoint" time="0.250" /><testcase classname="backend.tests.test_attachment_migration.TestFileProxyEndpoint" name="test_file_proxy_returns_200_for_test_file" time="0.442" /><testcase classname="backend.tests.test_attachment_migration.TestFileProxyEndpoint" name="test_file_proxy_returns_image_content_type" time="0.402" /><testcase classname="backend.tests.test_attachment_migration.TestFileProxyEndpoint" name="test_file_proxy_returns_404_for_nonexistent" time="0.374" /><testcase classname="backend.tests.test_attachment_migration.TestFileProxyEndpoint" name="test_file_proxy_serves_migrated_attachment" time="0.549" /><testcase classname="backend.tests.test_attachment_migration.TestMigrationAPIEndpoints" name="test_status_endpoint_returns_401_without_auth" time="0.109" /><testcase classname="backend.tests.test_attachment_migration.TestMigrationAPIEndpoints" name="test_start_endpoint_returns_401_without_auth" time="0.110" /><testcase classname="backend.tests.test_attachment_migration.TestMigrationAPIEndpoints" name="test_stop_endpoint_returns_401_without_auth" time="0.124" /><testcase classname="backend.tests.test_attachment_migration.TestMigrationAPIEndpoints" name="test_status_endpoint_with_api_key" time="0.346" /><testcase classname="backend.tests.test_attachment_migration.TestMongoDBMigrationState" name="test_attachment_migration_document_exists" time="0.007" /><testcase classname="backend.tests.test_attachment_migration.TestMongoDBMigrationState" name="test_migration_has_migrated_count" time="0.001" /><testcase classname="backend.tests.test_attachment_migration.TestMongoDBMigrationState" name="test_migration_has_required_fields" time="0.001" /><testcase classname="backend.tests.test_attachment_migration.TestMigratedAttachmentStructure" name="test_migrated_messages_exist" time="0.200" /><testcase classname="backend.tests.test_attachment_migration.TestMigratedAttachmentStructure" name="test_attachments_have_storage_path" time="0.042" /><testcase classname="backend.tests.test_attachment_migration.TestMigratedAttachmentStructure" name="test_attachments_have_original_url" time="0.427" /><testcase classname="backend.tests.test_attachment_migration.TestMigratedAttachmentStructure" name="test_attachments_url_points_to_api_files" time="0.043" /><testcase classname="backend.tests.test_attachment_migration.TestMigratedAttachmentStructure" name="test_all_migrated_attachments_have_required_fields" time="0.052" /></testsuite></testsuites>