<?xml version="1.0" encoding="utf-8"?><testsuites name="pytest tests"><testsuite name="pytest" errors="0" failures="0" skipped="1" tests="24" time="1.538" timestamp="2026-03-13T14:42:43.542198+00:00" hostname="agent-env-aa2b8e6b-b7e7-441a-91f0-828417088446"><testcase classname="tests.test_ticket_sweep_features.TestLeastTicketsAssignment" name="test_least_tickets_assign_returns_agent_with_fewest_tickets" time="0.323"><skipped type="pytest.skip" message="No available agents in team team_f64687e64078">/app/backend/tests/test_ticket_sweep_features.py:48: No available agents in team team_f64687e64078</skipped></testcase><testcase classname="tests.test_ticket_sweep_features.TestLeastTicketsAssignment" name="test_least_tickets_assign_returns_none_for_nonexistent_team" time="0.001" /><testcase classname="tests.test_ticket_sweep_features.TestAssignByMethod" name="test_assign_by_method_supports_least_tickets" time="0.002" /><testcase classname="tests.test_ticket_sweep_features.TestAssignByMethod" name="test_assign_by_method_defaults_to_round_robin" time="0.002" /><testcase classname="tests.test_ticket_sweep_features.TestTicketSweepFunction" name="test_sweep_returns_stats_dict" time="0.051" /><testcase classname="tests.test_ticket_sweep_features.TestTicketSweepFunction" name="test_sweep_respects_auto_assignment_setting" time="0.055" /><testcase classname="tests.test_ticket_sweep_features.TestTicketSweepFunction" name="test_sweep_skips_zeus_tickets" time="0.105" /><testcase classname="tests.test_ticket_sweep_features.TestRoutingRulesAssignmentMethod" name="test_routing_rule_schema_includes_assignment_method" time="0.027" /><testcase classname="tests.test_ticket_sweep_features.TestRoutingRulesAssignmentMethod" name="test_run_routing_rules_uses_assignment_method" time="0.001" /><testcase classname="tests.test_ticket_sweep_features.TestAtlasSyncRoutingRulesIntegration" name="test_atlas_sync_calls_routing_rules" time="0.024" /><testcase classname="tests.test_ticket_sweep_features.TestTicketSweepStatsEndpoint" name="test_sweep_stats_requires_auth" time="0.252" /><testcase classname="tests.test_ticket_sweep_features.TestTicketSweepStatsEndpoint" name="test_sweep_stats_returns_expected_fields_via_direct_call" time="0.009" /><testcase classname="tests.test_ticket_sweep_features.TestAdminSettingsEndpoint" name="test_admin_settings_requires_auth" time="0.154" /><testcase classname="tests.test_ticket_sweep_features.TestAdminSettingsEndpoint" name="test_admin_settings_contains_assignment_method_via_direct_query" time="0.001" /><testcase classname="tests.test_ticket_sweep_features.TestAdminSettingsEndpoint" name="test_admin_settings_contains_default_team_id_via_direct_query" time="0.000" /><testcase classname="tests.test_ticket_sweep_features.TestRoutingRulesEndpoint" name="test_routing_rules_list_requires_auth" time="0.160" /><testcase classname="tests.test_ticket_sweep_features.TestRoutingRulesEndpoint" name="test_routing_rules_create_requires_auth" time="0.152" /><testcase classname="tests.test_ticket_sweep_features.TestRoutingRulesEndpoint" name="test_routing_rules_have_assignment_method_field_via_direct_query" time="0.001" /><testcase classname="tests.test_ticket_sweep_features.TestSweepDaemonRunning" name="test_sweep_daemon_started_via_logs" time="0.004" /><testcase classname="tests.test_ticket_sweep_features.TestSweepDaemonRunning" name="test_start_sweep_function_exists" time="0.000" /><testcase classname="tests.test_ticket_sweep_features.TestZeusTicketFiltering" name="test_zeus_tickets_exist_in_database" time="0.114" /><testcase classname="tests.test_ticket_sweep_features.TestZeusTicketFiltering" name="test_sweep_query_excludes_zeus_tickets" time="0.009" /><testcase classname="tests.test_ticket_sweep_features.TestEndToEndAssignmentFlow" name="test_get_default_team_function" time="0.001" /><testcase classname="tests.test_ticket_sweep_features.TestEndToEndAssignmentFlow" name="test_full_assignment_flow_integration" time="0.001" /></testsuite></testsuites>