<?xml version="1.0" encoding="utf-8"?><testsuites name="pytest tests"><testsuite name="pytest" errors="0" failures="0" skipped="0" tests="20" time="0.762" timestamp="2026-03-10T15:41:57.345030+00:00" hostname="agent-env-b940aa0a-43ac-45e1-8da8-fa0e0e6d8ba4"><testcase classname="backend.tests.test_ticket_id_migration.TestHealthEndpoints" name="test_health_endpoint" time="0.218" /><testcase classname="backend.tests.test_ticket_id_migration.TestHealthEndpoints" name="test_api_health_endpoint" time="0.090" /><testcase classname="backend.tests.test_ticket_id_migration.TestDatabaseTicketIdFormat" name="test_no_padded_ticket_ids_in_tickets_collection" time="0.005" /><testcase classname="backend.tests.test_ticket_id_migration.TestDatabaseTicketIdFormat" name="test_no_padded_ticket_ids_in_messages_collection" time="0.005" /><testcase classname="backend.tests.test_ticket_id_migration.TestDatabaseTicketIdFormat" name="test_no_padded_ticket_ids_in_email_replies" time="0.002" /><testcase classname="backend.tests.test_ticket_id_migration.TestDatabaseTicketIdFormat" name="test_no_padded_ticket_ids_in_ticket_changelog" time="0.001" /><testcase classname="backend.tests.test_ticket_id_migration.TestDatabaseTicketIdFormat" name="test_no_padded_ticket_ids_in_email_threads" time="0.001" /><testcase classname="backend.tests.test_ticket_id_migration.TestDatabaseTicketIdFormat" name="test_no_padded_ticket_ids_in_csat_responses" time="0.000" /><testcase classname="backend.tests.test_ticket_id_migration.TestDatabaseTicketIdFormat" name="test_verify_unpadded_format_exists" time="0.081" /><testcase classname="backend.tests.test_ticket_id_migration.TestSearchFunctionality" name="test_search_by_ticket_number" time="0.001" /><testcase classname="backend.tests.test_ticket_id_migration.TestSearchFunctionality" name="test_search_by_email_formlyhq" time="0.011" /><testcase classname="backend.tests.test_ticket_id_migration.TestAtlasWebhook" name="test_webhook_health" time="0.062" /><testcase classname="backend.tests.test_ticket_id_migration.TestAtlasWebhook" name="test_webhook_accepts_post" time="0.091" /><testcase classname="backend.tests.test_ticket_id_migration.TestCodeVerification" name="test_utils_generate_ticket_id_format" time="0.000" /><testcase classname="backend.tests.test_ticket_id_migration.TestCodeVerification" name="test_atlas_sync_ticket_id_format" time="0.000" /><testcase classname="backend.tests.test_ticket_id_migration.TestCodeVerification" name="test_email_poller_has_atlas_duplicate_function" time="0.000" /><testcase classname="backend.tests.test_ticket_id_migration.TestCodeVerification" name="test_search_py_numeric_search_logic" time="0.000" /><testcase classname="backend.tests.test_ticket_id_migration.TestFrontendComponents" name="test_ticket_card_renders_ticket_id" time="0.000" /><testcase classname="backend.tests.test_ticket_id_migration.TestFrontendComponents" name="test_email_message_has_attachments_prop" time="0.000" /><testcase classname="backend.tests.test_ticket_id_migration.TestSampleTickets" name="test_sample_tickets_have_correct_format" time="0.002" /></testsuite></testsuites>